mode: set
vaultdb/cmd/vaultdb-server/health.go:13.42,25.16 4 0
vaultdb/cmd/vaultdb-server/health.go:25.16,29.17 3 0
vaultdb/cmd/vaultdb-server/health.go:29.17,32.4 2 0
vaultdb/cmd/vaultdb-server/health.go:34.2,35.38 2 0
vaultdb/cmd/vaultdb-server/health.go:35.38,39.3 3 0
vaultdb/cmd/vaultdb-server/health.go:40.2,40.10 1 0
vaultdb/cmd/vaultdb-server/health.go:43.47,45.17 2 0
vaultdb/cmd/vaultdb-server/health.go:45.17,47.3 1 0
vaultdb/cmd/vaultdb-server/health.go:48.2,48.15 1 0
vaultdb/cmd/vaultdb-server/health.go:49.32,50.14 1 0
vaultdb/cmd/vaultdb-server/health.go:51.33,52.15 1 0
vaultdb/cmd/vaultdb-server/health.go:53.10,54.18 1 0
vaultdb/cmd/vaultdb-server/main.go:53.48,55.25 2 0
vaultdb/cmd/vaultdb-server/main.go:55.25,57.3 1 0
vaultdb/cmd/vaultdb-server/main.go:58.2,60.15 3 0
vaultdb/cmd/vaultdb-server/main.go:63.69,64.19 1 0
vaultdb/cmd/vaultdb-server/main.go:64.19,65.45 1 0
vaultdb/cmd/vaultdb-server/main.go:65.45,68.4 2 0
vaultdb/cmd/vaultdb-server/main.go:70.2,71.16 2 0
vaultdb/cmd/vaultdb-server/main.go:71.16,74.3 2 0
vaultdb/cmd/vaultdb-server/main.go:75.2,76.12 2 0
vaultdb/cmd/vaultdb-server/main.go:79.192,82.16 3 0
vaultdb/cmd/vaultdb-server/main.go:82.16,85.3 2 0
vaultdb/cmd/vaultdb-server/main.go:87.2,87.22 1 0
vaultdb/cmd/vaultdb-server/main.go:87.22,87.58 1 0
vaultdb/cmd/vaultdb-server/main.go:89.2,90.16 2 0
vaultdb/cmd/vaultdb-server/main.go:90.16,93.3 2 0
vaultdb/cmd/vaultdb-server/main.go:95.2,95.51 1 0
vaultdb/cmd/vaultdb-server/main.go:95.51,98.3 2 0
vaultdb/cmd/vaultdb-server/main.go:100.2,103.21 3 0
vaultdb/cmd/vaultdb-server/main.go:106.356,135.12 4 0
vaultdb/cmd/vaultdb-server/main.go:135.12,136.44 1 0
vaultdb/cmd/vaultdb-server/main.go:136.44,138.4 1 0
vaultdb/cmd/vaultdb-server/main.go:140.2,140.18 1 0
vaultdb/cmd/vaultdb-server/main.go:152.71,159.2 1 1
vaultdb/cmd/vaultdb-server/main.go:161.46,167.28 6 1
vaultdb/cmd/vaultdb-server/main.go:167.28,169.3 1 1
vaultdb/cmd/vaultdb-server/main.go:170.2,172.19 2 1
vaultdb/cmd/vaultdb-server/main.go:172.19,175.3 2 1
vaultdb/cmd/vaultdb-server/main.go:176.2,176.14 1 1
vaultdb/cmd/vaultdb-server/main.go:179.408,180.15 1 0
vaultdb/cmd/vaultdb-server/main.go:180.15,181.31 1 0
vaultdb/cmd/vaultdb-server/main.go:181.31,187.4 2 0
vaultdb/cmd/vaultdb-server/main.go:189.2,192.44 2 0
vaultdb/cmd/vaultdb-server/main.go:192.44,195.3 2 0
vaultdb/cmd/vaultdb-server/main.go:196.2,200.21 4 0
vaultdb/cmd/vaultdb-server/main.go:200.21,202.3 1 0
vaultdb/cmd/vaultdb-server/main.go:203.2,203.22 1 0
vaultdb/cmd/vaultdb-server/main.go:203.22,205.3 1 0
vaultdb/cmd/vaultdb-server/main.go:206.2,206.25 1 0
vaultdb/cmd/vaultdb-server/main.go:206.25,208.3 1 0
vaultdb/cmd/vaultdb-server/main.go:209.2,209.17 1 0
vaultdb/cmd/vaultdb-server/main.go:209.17,211.3 1 0
vaultdb/cmd/vaultdb-server/main.go:212.2,212.26 1 0
vaultdb/cmd/vaultdb-server/main.go:212.26,214.3 1 0
vaultdb/cmd/vaultdb-server/main.go:215.2,215.15 1 0
vaultdb/cmd/vaultdb-server/main.go:215.15,216.23 1 0
vaultdb/cmd/vaultdb-server/main.go:216.23,220.4 2 0
vaultdb/cmd/vaultdb-server/main.go:224.2,229.21 4 0
vaultdb/cmd/vaultdb-server/main.go:229.21,235.27 3 0
vaultdb/cmd/vaultdb-server/main.go:235.27,236.59 1 0
vaultdb/cmd/vaultdb-server/main.go:236.59,238.5 1 0
vaultdb/cmd/vaultdb-server/main.go:239.4,239.12 1 0
vaultdb/cmd/vaultdb-server/main.go:242.3,243.52 2 0
vaultdb/cmd/vaultdb-server/main.go:243.52,244.60 1 0
vaultdb/cmd/vaultdb-server/main.go:244.60,246.5 1 0
vaultdb/cmd/vaultdb-server/main.go:247.4,247.12 1 0
vaultdb/cmd/vaultdb-server/main.go:250.3,250.44 1 0
vaultdb/cmd/vaultdb-server/main.go:250.44,251.82 1 0
vaultdb/cmd/vaultdb-server/main.go:251.82,253.5 1 0
vaultdb/cmd/vaultdb-server/main.go:254.4,254.12 1 0
vaultdb/cmd/vaultdb-server/main.go:257.3,258.17 2 0
vaultdb/cmd/vaultdb-server/main.go:258.17,259.53 1 0
vaultdb/cmd/vaultdb-server/main.go:259.53,261.5 1 0
vaultdb/cmd/vaultdb-server/main.go:262.4,262.12 1 0
vaultdb/cmd/vaultdb-server/main.go:265.3,266.17 2 0
vaultdb/cmd/vaultdb-server/main.go:266.17,267.53 1 0
vaultdb/cmd/vaultdb-server/main.go:267.53,269.5 1 0
vaultdb/cmd/vaultdb-server/main.go:270.4,270.12 1 0
vaultdb/cmd/vaultdb-server/main.go:273.3,273.58 1 0
vaultdb/cmd/vaultdb-server/main.go:273.58,276.4 2 0
vaultdb/cmd/vaultdb-server/main.go:279.2,279.38 1 0
vaultdb/cmd/vaultdb-server/main.go:279.38,281.3 1 0
vaultdb/cmd/vaultdb-server/main.go:284.13,297.18 12 0
vaultdb/cmd/vaultdb-server/main.go:297.18,299.3 1 0
vaultdb/cmd/vaultdb-server/main.go:301.2,307.32 4 0
vaultdb/cmd/vaultdb-server/main.go:307.32,307.59 1 0
vaultdb/cmd/vaultdb-server/main.go:309.2,309.23 1 0
vaultdb/cmd/vaultdb-server/main.go:309.23,311.3 1 0
vaultdb/cmd/vaultdb-server/main.go:312.2,312.23 1 0
vaultdb/cmd/vaultdb-server/main.go:312.23,314.3 1 0
vaultdb/cmd/vaultdb-server/main.go:315.2,315.28 1 0
vaultdb/cmd/vaultdb-server/main.go:315.28,317.3 1 0
vaultdb/cmd/vaultdb-server/main.go:318.2,318.31 1 0
vaultdb/cmd/vaultdb-server/main.go:318.31,320.3 1 0
vaultdb/cmd/vaultdb-server/main.go:321.2,321.23 1 0
vaultdb/cmd/vaultdb-server/main.go:321.23,323.3 1 0
vaultdb/cmd/vaultdb-server/main.go:324.2,342.22 7 0
vaultdb/cmd/vaultdb-server/main.go:342.22,344.3 1 0
vaultdb/cmd/vaultdb-server/main.go:345.2,345.15 1 0
vaultdb/cmd/vaultdb-server/main.go:345.15,346.39 1 0
vaultdb/cmd/vaultdb-server/main.go:346.39,348.4 1 0
vaultdb/cmd/vaultdb-server/main.go:351.2,361.12 4 0
vaultdb/cmd/vaultdb-server/main.go:361.12,362.16 1 0
vaultdb/cmd/vaultdb-server/main.go:362.16,363.32 1 0
vaultdb/cmd/vaultdb-server/main.go:363.32,365.5 1 0
vaultdb/cmd/vaultdb-server/main.go:367.3,369.7 3 0
vaultdb/cmd/vaultdb-server/main.go:369.7,370.11 1 0
vaultdb/cmd/vaultdb-server/main.go:371.22,372.11 1 0
vaultdb/cmd/vaultdb-server/main.go:373.20,374.50 1 0
vaultdb/cmd/vaultdb-server/main.go:380.2,384.59 4 0
vaultdb/cmd/vaultdb-server/main.go:384.59,388.3 2 0
vaultdb/cmd/vaultdb-server/main.go:389.2,390.37 2 0
vaultdb/cmd/vaultdb-server/main.go:390.37,392.17 2 0
vaultdb/cmd/vaultdb-server/main.go:392.17,395.4 2 0
vaultdb/cmd/vaultdb-server/main.go:396.3,399.18 4 0
vaultdb/cmd/vaultdb-server/main.go:399.18,402.4 1 0
vaultdb/cmd/vaultdb-server/main.go:402.9,403.59 1 0
vaultdb/cmd/vaultdb-server/main.go:403.59,405.5 1 0
vaultdb/cmd/vaultdb-server/main.go:405.10,405.44 1 0
vaultdb/cmd/vaultdb-server/main.go:405.44,407.5 1 0
vaultdb/cmd/vaultdb-server/main.go:408.4,412.17 3 0
vaultdb/cmd/vaultdb-server/main.go:412.17,413.48 1 0
vaultdb/cmd/vaultdb-server/main.go:413.48,416.6 1 0
vaultdb/cmd/vaultdb-server/main.go:420.2,421.16 2 0
vaultdb/cmd/vaultdb-server/main.go:421.16,424.3 2 0
vaultdb/cmd/vaultdb-server/main.go:428.2,429.27 2 0
vaultdb/cmd/vaultdb-server/main.go:429.27,431.81 2 0
vaultdb/cmd/vaultdb-server/main.go:431.81,433.4 1 0
vaultdb/cmd/vaultdb-server/main.go:434.3,435.26 2 0
vaultdb/cmd/vaultdb-server/main.go:435.26,438.4 2 0
vaultdb/cmd/vaultdb-server/main.go:439.3,444.33 2 0
vaultdb/cmd/vaultdb-server/main.go:445.8,447.3 1 0
vaultdb/cmd/vaultdb-server/main.go:449.2,449.141 1 0
vaultdb/cmd/vaultdb-server/main.go:449.141,451.3 1 0
vaultdb/cmd/vaultdb-server/main.go:453.2,454.25 2 0
vaultdb/cmd/vaultdb-server/main.go:454.25,456.3 1 0
vaultdb/cmd/vaultdb-server/main.go:458.2,460.37 3 0
vaultdb/cmd/vaultdb-server/main.go:460.37,464.19 3 0
vaultdb/cmd/vaultdb-server/main.go:464.19,466.4 1 0
vaultdb/cmd/vaultdb-server/main.go:466.9,468.4 1 0
vaultdb/cmd/vaultdb-server/main.go:469.3,469.17 1 0
vaultdb/cmd/vaultdb-server/main.go:469.17,472.4 2 0
vaultdb/cmd/vaultdb-server/main.go:473.3,474.17 2 0
vaultdb/cmd/vaultdb-server/main.go:474.17,477.4 2 0
vaultdb/cmd/vaultdb-server/main.go:478.3,479.19 2 0
vaultdb/cmd/vaultdb-server/main.go:479.19,481.4 1 0
vaultdb/cmd/vaultdb-server/main.go:481.9,483.4 1 0
vaultdb/cmd/vaultdb-server/main.go:484.8,488.17 3 0
vaultdb/cmd/vaultdb-server/main.go:488.17,491.4 2 0
vaultdb/cmd/vaultdb-server/main.go:492.3,492.50 1 0
vaultdb/cmd/vaultdb-server/main.go:496.2,499.12 3 0
vaultdb/cmd/vaultdb-server/main.go:499.12,501.42 2 0
vaultdb/cmd/vaultdb-server/main.go:501.42,503.4 1 0
vaultdb/cmd/vaultdb-server/main.go:504.3,504.19 1 0
vaultdb/cmd/vaultdb-server/main.go:507.2,509.12 3 0
vaultdb/cmd/vaultdb-server/main.go:509.12,511.7 2 0
vaultdb/cmd/vaultdb-server/main.go:511.7,513.18 2 0
vaultdb/cmd/vaultdb-server/main.go:513.18,514.12 1 0
vaultdb/cmd/vaultdb-server/main.go:515.23,516.12 1 0
vaultdb/cmd/vaultdb-server/main.go:517.13,519.14 2 0
vaultdb/cmd/vaultdb-server/main.go:524.4,525.22 2 0
vaultdb/cmd/vaultdb-server/main.go:525.22,532.13 3 0
vaultdb/cmd/vaultdb-server/main.go:535.4,538.51 4 0
vaultdb/cmd/vaultdb-server/main.go:538.51,544.5 5 0
vaultdb/cmd/vaultdb-server/main.go:548.2,548.9 1 0
vaultdb/cmd/vaultdb-server/main.go:549.20,550.42 1 0
vaultdb/cmd/vaultdb-server/main.go:551.26,553.9 2 0
vaultdb/cmd/vaultdb-server/main.go:557.2,562.12 4 0
vaultdb/cmd/vaultdb-server/main.go:562.12,565.3 2 0
vaultdb/cmd/vaultdb-server/main.go:567.2,567.9 1 0
vaultdb/cmd/vaultdb-server/main.go:568.14,569.51 1 0
vaultdb/cmd/vaultdb-server/main.go:570.80,571.82 1 0
vaultdb/cmd/vaultdb-server/main.go:574.2,578.48 3 0
vaultdb/cmd/vaultdb-server/main.go:578.48,580.3 1 0
vaultdb/cmd/vaultdb-server/main.go:581.2,581.34 1 0
vaultdb/cmd/vaultdb-server/main.go:584.38,586.42 2 0
vaultdb/cmd/vaultdb-server/main.go:586.42,588.3 1 0
vaultdb/cmd/vaultdb-server/main.go:589.2,589.49 1 0
vaultdb/cmd/vaultdb-server/main.go:592.40,594.15 2 0
vaultdb/cmd/vaultdb-server/main.go:594.15,596.3 1 0
vaultdb/cmd/vaultdb-server/main.go:598.2,600.29 3 0
vaultdb/cmd/vaultdb-server/main.go:600.29,602.18 2 0
vaultdb/cmd/vaultdb-server/main.go:602.18,603.12 1 0
vaultdb/cmd/vaultdb-server/main.go:605.3,605.51 1 0
vaultdb/cmd/vaultdb-server/main.go:607.2,607.22 1 0
vaultdb/cmd/vaultdb-server/main.go:607.22,609.3 1 0
vaultdb/cmd/vaultdb-server/main.go:610.2,610.15 1 0
vaultdb/cmd/vaultdb-server/main.go:613.74,615.16 2 0
vaultdb/cmd/vaultdb-server/main.go:615.16,618.3 2 0
vaultdb/cmd/vaultdb-server/main.go:619.2,620.25 2 0
vaultdb/cmd/vaultdb-server/main.go:620.25,622.17 2 0
vaultdb/cmd/vaultdb-server/main.go:622.17,624.12 2 0
vaultdb/cmd/vaultdb-server/main.go:626.3,627.28 2 0
vaultdb/cmd/vaultdb-server/main.go:627.28,630.4 2 0
vaultdb/cmd/vaultdb-server/main.go:632.2,632.33 1 0
vaultdb/cmd/vaultdb-server/protocol.go:16.77,25.50 2 0
vaultdb/cmd/vaultdb-server/protocol.go:25.50,30.3 2 0
vaultdb/cmd/vaultdb-server/protocol.go:31.2,31.13 1 0
vaultdb/cmd/vaultdb-server/protocol.go:37.46,70.39 3 0
vaultdb/cmd/vaultdb-server/protocol.go:70.39,71.39 1 0
vaultdb/cmd/vaultdb-server/protocol.go:71.39,72.22 1 0
vaultdb/cmd/vaultdb-server/protocol.go:72.22,74.5 1 0
vaultdb/cmd/vaultdb-server/protocol.go:75.4,75.14 1 0
vaultdb/cmd/vaultdb-server/protocol.go:80.2,80.25 1 0
vaultdb/cmd/vaultdb-server/protocol.go:83.74,84.19 1 0
vaultdb/cmd/vaultdb-server/protocol.go:84.19,86.3 1 0
vaultdb/cmd/vaultdb-server/protocol.go:87.2,88.20 2 0
vaultdb/cmd/vaultdb-server/protocol.go:88.20,90.3 1 0
vaultdb/cmd/vaultdb-server/protocol.go:92.2,93.17 2 0
vaultdb/cmd/vaultdb-server/protocol.go:93.17,95.3 1 0
vaultdb/cmd/vaultdb-server/protocol.go:97.2,107.34 2 0
vaultdb/cmd/vaultdb-server/protocol.go:110.69,112.16 2 0
vaultdb/cmd/vaultdb-server/protocol.go:112.16,114.3 1 0
vaultdb/cmd/vaultdb-server/protocol.go:115.2,117.12 3 0
vaultdb/internal/backup/backup.go:12.47,14.16 2 1
vaultdb/internal/backup/backup.go:14.16,16.3 1 0
vaultdb/internal/backup/backup.go:17.2,25.48 6 1
vaultdb/internal/backup/backup.go:25.48,27.52 2 1
vaultdb/internal/backup/backup.go:27.52,29.4 1 0
vaultdb/internal/backup/backup.go:32.2,32.12 1 1
vaultdb/internal/backup/backup.go:35.64,36.85 1 1
vaultdb/internal/backup/backup.go:36.85,37.17 1 1
vaultdb/internal/backup/backup.go:37.17,39.4 1 0
vaultdb/internal/backup/backup.go:40.3,40.19 1 1
vaultdb/internal/backup/backup.go:40.19,42.4 1 1
vaultdb/internal/backup/backup.go:44.3,45.17 2 1
vaultdb/internal/backup/backup.go:45.17,47.4 1 0
vaultdb/internal/backup/backup.go:48.3,51.17 3 1
vaultdb/internal/backup/backup.go:51.17,53.4 1 0
vaultdb/internal/backup/backup.go:54.3,57.48 3 1
vaultdb/internal/backup/backup.go:57.48,59.4 1 0
vaultdb/internal/backup/backup.go:61.3,62.17 2 1
vaultdb/internal/backup/backup.go:62.17,64.4 1 0
vaultdb/internal/backup/backup.go:65.3,68.13 3 1
vaultdb/internal/backup/restore.go:12.48,14.16 2 1
vaultdb/internal/backup/restore.go:14.16,16.3 1 0
vaultdb/internal/backup/restore.go:17.2,20.16 3 1
vaultdb/internal/backup/restore.go:20.16,22.3 1 0
vaultdb/internal/backup/restore.go:23.2,27.6 3 1
vaultdb/internal/backup/restore.go:27.6,29.20 2 1
vaultdb/internal/backup/restore.go:29.20,30.9 1 1
vaultdb/internal/backup/restore.go:32.3,32.17 1 1
vaultdb/internal/backup/restore.go:32.17,34.4 1 0
vaultdb/internal/backup/restore.go:36.3,38.37 2 1
vaultdb/internal/backup/restore.go:38.37,39.53 1 0
vaultdb/internal/backup/restore.go:39.53,41.5 1 0
vaultdb/internal/backup/restore.go:42.4,42.12 1 0
vaultdb/internal/backup/restore.go:45.3,45.66 1 1
vaultdb/internal/backup/restore.go:45.66,47.4 1 0
vaultdb/internal/backup/restore.go:49.3,50.17 2 1
vaultdb/internal/backup/restore.go:50.17,52.4 1 0
vaultdb/internal/backup/restore.go:53.3,53.45 1 1
vaultdb/internal/backup/restore.go:53.45,56.4 2 0
vaultdb/internal/backup/restore.go:57.3,57.37 1 1
vaultdb/internal/backup/restore.go:57.37,59.4 1 0
vaultdb/internal/backup/restore.go:62.2,62.12 1 1
vaultdb/internal/config/config.go:99.24,135.2 1 1
vaultdb/internal/config/config.go:139.41,141.16 2 1
vaultdb/internal/config/config.go:141.16,143.3 1 1
vaultdb/internal/config/config.go:145.2,146.16 2 1
vaultdb/internal/config/config.go:146.16,148.3 1 0
vaultdb/internal/config/config.go:150.2,150.50 1 1
vaultdb/internal/config/config.go:150.50,152.3 1 1
vaultdb/internal/config/config.go:154.2,154.44 1 1
vaultdb/internal/config/config.go:154.44,156.3 1 1
vaultdb/internal/config/config.go:158.2,158.17 1 1
vaultdb/internal/config/config.go:161.40,162.27 1 1
vaultdb/internal/config/config.go:162.27,164.3 1 0
vaultdb/internal/config/config.go:165.2,165.26 1 1
vaultdb/internal/config/config.go:165.26,167.3 1 0
vaultdb/internal/config/config.go:168.2,168.30 1 1
vaultdb/internal/config/config.go:168.30,170.3 1 0
vaultdb/internal/config/config.go:171.2,171.33 1 1
vaultdb/internal/config/config.go:171.33,173.3 1 0
vaultdb/internal/config/config.go:174.2,174.41 1 1
vaultdb/internal/config/config.go:174.41,176.3 1 0
vaultdb/internal/config/config.go:177.2,177.29 1 1
vaultdb/internal/config/config.go:177.29,179.3 1 0
vaultdb/internal/config/config.go:180.2,180.37 1 1
vaultdb/internal/config/config.go:180.37,182.3 1 0
vaultdb/internal/config/config.go:183.2,183.36 1 1
vaultdb/internal/config/config.go:183.36,185.3 1 0
vaultdb/internal/config/config.go:186.2,186.40 1 1
vaultdb/internal/config/config.go:186.40,188.3 1 0
vaultdb/internal/config/config.go:189.2,189.44 1 1
vaultdb/internal/config/config.go:189.44,191.3 1 0
vaultdb/internal/config/config.go:192.2,192.45 1 1
vaultdb/internal/config/config.go:192.45,194.3 1 0
vaultdb/internal/config/config.go:195.2,195.47 1 1
vaultdb/internal/config/config.go:195.47,197.3 1 0
vaultdb/internal/config/config.go:198.2,198.30 1 1
vaultdb/internal/config/config.go:198.30,200.3 1 0
vaultdb/internal/config/config.go:201.2,201.31 1 1
vaultdb/internal/config/config.go:201.31,203.3 1 0
vaultdb/internal/config/config.go:204.2,204.38 1 1
vaultdb/internal/config/config.go:204.38,206.3 1 0
vaultdb/internal/config/config.go:207.2,207.39 1 1
vaultdb/internal/config/config.go:207.39,209.3 1 0
vaultdb/internal/config/config.go:210.2,210.37 1 1
vaultdb/internal/config/config.go:210.37,212.3 1 0
vaultdb/internal/config/config.go:213.2,213.39 1 1
vaultdb/internal/config/config.go:213.39,215.3 1 0
vaultdb/internal/config/config.go:216.2,216.38 1 1
vaultdb/internal/config/config.go:216.38,218.3 1 0
vaultdb/internal/config/config.go:219.2,219.34 1 1
vaultdb/internal/config/config.go:219.34,221.3 1 0
vaultdb/internal/config/config.go:222.2,222.36 1 1
vaultdb/internal/config/config.go:222.36,224.3 1 0
vaultdb/internal/config/config.go:225.2,225.33 1 1
vaultdb/internal/config/config.go:225.33,227.3 1 0
vaultdb/internal/config/config.go:228.2,228.28 1 1
vaultdb/internal/config/config.go:228.28,230.3 1 0
vaultdb/internal/config/config.go:231.2,231.31 1 1
vaultdb/internal/config/config.go:231.31,233.3 1 0
vaultdb/internal/config/config.go:236.2,236.52 1 1
vaultdb/internal/config/config.go:236.52,238.3 1 0
vaultdb/internal/config/config.go:239.2,239.60 1 1
vaultdb/internal/config/config.go:239.60,241.3 1 0
vaultdb/internal/config/config.go:242.2,242.66 1 1
vaultdb/internal/config/config.go:242.66,244.3 1 0
vaultdb/internal/config/config.go:247.2,247.44 1 1
vaultdb/internal/config/config.go:247.44,249.3 1 0
vaultdb/internal/config/config.go:250.2,250.47 1 1
vaultdb/internal/config/config.go:250.47,252.3 1 0
vaultdb/internal/config/config.go:253.2,253.51 1 1
vaultdb/internal/config/config.go:253.51,255.3 1 0
vaultdb/internal/config/config.go:258.2,258.36 1 1
vaultdb/internal/config/config.go:258.36,260.3 1 0
vaultdb/internal/config/config.go:263.2,265.48 1 1
vaultdb/internal/config/config.go:265.48,267.3 1 1
vaultdb/internal/config/config.go:268.2,268.66 1 1
vaultdb/internal/config/config.go:268.66,270.3 1 1
vaultdb/internal/config/config.go:272.2,272.12 1 1
vaultdb/internal/config/config.go:276.37,277.45 1 0
vaultdb/internal/config/config.go:277.45,279.3 1 0
vaultdb/internal/config/config.go:280.2,280.45 1 0
vaultdb/internal/config/config.go:280.45,281.44 1 0
vaultdb/internal/config/config.go:281.44,283.4 1 0
vaultdb/internal/config/config.go:283.9,283.32 1 0
vaultdb/internal/config/config.go:283.32,285.4 1 0
vaultdb/internal/config/config.go:285.9,287.4 1 0
vaultdb/internal/config/config.go:289.2,289.50 1 0
vaultdb/internal/config/config.go:289.50,290.44 1 0
vaultdb/internal/config/config.go:290.44,292.4 1 0
vaultdb/internal/config/config.go:292.9,292.32 1 0
vaultdb/internal/config/config.go:292.32,294.4 1 0
vaultdb/internal/config/config.go:294.9,296.4 1 0
vaultdb/internal/config/config.go:298.2,298.53 1 0
vaultdb/internal/config/config.go:298.53,299.44 1 0
vaultdb/internal/config/config.go:299.44,301.4 1 0
vaultdb/internal/config/config.go:301.9,301.32 1 0
vaultdb/internal/config/config.go:301.32,303.4 1 0
vaultdb/internal/config/config.go:303.9,305.4 1 0
vaultdb/internal/config/config.go:307.2,307.50 1 0
vaultdb/internal/config/config.go:307.50,309.3 1 0
vaultdb/internal/config/config.go:310.2,310.49 1 0
vaultdb/internal/config/config.go:310.49,312.3 1 0
vaultdb/internal/config/config.go:313.2,313.53 1 0
vaultdb/internal/config/config.go:313.53,315.3 1 0
vaultdb/internal/config/config.go:316.2,316.53 1 0
vaultdb/internal/config/config.go:316.53,318.3 1 0
vaultdb/internal/config/config.go:319.2,319.51 1 0
vaultdb/internal/config/config.go:319.51,321.3 1 0
vaultdb/internal/config/config.go:324.34,325.47 1 0
vaultdb/internal/config/config.go:326.32,327.14 1 0
vaultdb/internal/config/config.go:328.10,329.15 1 0
vaultdb/internal/config/config.go:335.43,337.2 1 0
vaultdb/cmd/check-index/main.go:21.13,23.16 2 0
vaultdb/cmd/check-index/main.go:23.16,25.3 1 0
vaultdb/cmd/check-index/main.go:26.2,29.74 3 0
vaultdb/cmd/check-index/main.go:32.47,35.16 3 0
vaultdb/cmd/check-index/main.go:35.16,37.3 1 0
vaultdb/cmd/check-index/main.go:38.2,38.59 1 0
vaultdb/cmd/check-index/main.go:38.59,40.3 1 0
vaultdb/cmd/check-index/main.go:42.2,44.16 3 0
vaultdb/cmd/check-index/main.go:44.16,46.3 1 0
vaultdb/cmd/check-index/main.go:47.2,48.55 2 0
vaultdb/cmd/check-index/main.go:48.55,50.3 1 0
vaultdb/cmd/check-index/main.go:51.2,51.64 1 0
vaultdb/cmd/vaultdb-backup/main.go:11.13,17.15 5 0
vaultdb/cmd/vaultdb-backup/main.go:18.16,19.20 1 0
vaultdb/cmd/vaultdb-backup/main.go:19.20,21.4 1 0
vaultdb/cmd/vaultdb-backup/main.go:22.3,22.55 1 0
vaultdb/cmd/vaultdb-backup/main.go:22.55,24.4 1 0
vaultdb/cmd/vaultdb-backup/main.go:25.3,25.47 1 0
vaultdb/cmd/vaultdb-backup/main.go:26.17,27.20 1 0
vaultdb/cmd/vaultdb-backup/main.go:27.20,29.4 1 0
vaultdb/cmd/vaultdb-backup/main.go:30.3,30.56 1 0
vaultdb/cmd/vaultdb-backup/main.go:30.56,32.4 1 0
vaultdb/cmd/vaultdb-backup/main.go:33.3,33.48 1 0
vaultdb/cmd/vaultdb-backup/main.go:34.10,35.40 1 0
vaultdb/vaultdb.go:28.45,34.16 5 0
vaultdb/vaultdb.go:34.16,36.3 1 0
vaultdb/vaultdb.go:38.2,39.16 2 0
vaultdb/vaultdb.go:39.16,42.3 2 0
vaultdb/vaultdb.go:44.2,44.43 1 0
vaultdb/vaultdb.go:44.43,48.3 3 0
vaultdb/vaultdb.go:50.2,55.8 1 0
vaultdb/vaultdb.go:59.34,61.2 1 0
vaultdb/vaultdb.go:64.72,66.2 1 0
vaultdb/vaultdb.go:69.100,71.16 2 0
vaultdb/vaultdb.go:71.16,73.3 1 0
vaultdb/vaultdb.go:75.2,78.24 4 0
vaultdb/vaultdb.go:78.24,80.3 1 0
vaultdb/vaultdb.go:81.2,81.18 1 0
vaultdb/vaultdb.go:81.18,83.3 1 0
vaultdb/vaultdb.go:85.2,85.30 1 0
vaultdb/internal/auth/manager.go:47.80,48.20 1 1
vaultdb/internal/auth/manager.go:48.20,50.3 1 0
vaultdb/internal/auth/manager.go:51.2,51.19 1 1
vaultdb/internal/auth/manager.go:51.19,53.3 1 0
vaultdb/internal/auth/manager.go:54.2,54.22 1 1
vaultdb/internal/auth/manager.go:54.22,56.3 1 0
vaultdb/internal/auth/manager.go:57.2,64.3 1 1
vaultdb/internal/auth/manager.go:70.55,71.39 1 1
vaultdb/internal/auth/manager.go:71.39,73.3 1 1
vaultdb/internal/auth/manager.go:74.2,75.36 2 1
vaultdb/internal/auth/manager.go:75.36,76.23 1 0
vaultdb/internal/auth/manager.go:76.23,78.4 1 0
vaultdb/internal/auth/manager.go:80.2,81.34 2 1
vaultdb/internal/auth/manager.go:81.34,82.54 1 1
vaultdb/internal/auth/manager.go:82.54,83.12 1 0
vaultdb/internal/auth/manager.go:86.3,86.51 1 1
vaultdb/internal/auth/manager.go:86.51,88.4 1 1
vaultdb/internal/auth/manager.go:92.53,100.36 8 1
vaultdb/internal/auth/manager.go:100.36,101.22 1 1
vaultdb/internal/auth/manager.go:101.22,103.4 1 1
vaultdb/internal/auth/manager.go:105.2,106.34 2 1
vaultdb/internal/auth/manager.go:106.34,108.3 1 0
vaultdb/internal/auth/manager.go:111.54,116.9 5 1
vaultdb/internal/auth/manager.go:116.9,118.3 1 1
vaultdb/internal/auth/manager.go:119.2,119.29 1 0
vaultdb/internal/auth/manager.go:119.29,123.3 3 0
vaultdb/internal/auth/manager.go:124.2,124.13 1 0
vaultdb/internal/auth/manager.go:127.46,129.16 2 1
vaultdb/internal/auth/manager.go:129.16,131.3 1 0
vaultdb/internal/auth/manager.go:132.2,132.13 1 1
vaultdb/internal/auth/manager.go:136.50,140.2 3 1
vaultdb/internal/auth/manager.go:146.131,149.22 2 1
vaultdb/internal/auth/manager.go:149.22,151.46 2 1
vaultdb/internal/auth/manager.go:151.46,153.4 1 0
vaultdb/internal/auth/manager.go:154.3,154.20 1 1
vaultdb/internal/auth/manager.go:154.20,156.4 1 0
vaultdb/internal/auth/manager.go:159.2,160.35 2 1
vaultdb/internal/auth/manager.go:160.35,164.3 3 1
vaultdb/internal/auth/manager.go:166.2,172.8 1 1
vaultdb/internal/auth/manager.go:175.34,177.2 1 0
vaultdb/internal/auth/manager.go:180.38,182.2 1 0
vaultdb/internal/auth/manager.go:185.49,190.2 4 1
vaultdb/internal/auth/manager.go:192.52,193.16 1 1
vaultdb/internal/auth/manager.go:193.16,195.3 1 1
vaultdb/internal/auth/manager.go:196.2,196.17 1 1
vaultdb/internal/auth/manager.go:196.17,198.3 1 1
vaultdb/internal/auth/manager.go:199.2,203.11 5 1
vaultdb/internal/auth/manager.go:206.49,209.51 3 1
vaultdb/internal/auth/manager.go:209.51,211.3 1 1
vaultdb/internal/auth/manager.go:212.2,212.18 1 1
vaultdb/internal/auth/manager.go:215.70,216.54 1 1
vaultdb/internal/auth/manager.go:216.54,217.17 1 1
vaultdb/internal/auth/manager.go:217.17,218.27 1 1
vaultdb/internal/auth/manager.go:218.27,219.24 1 1
vaultdb/internal/auth/manager.go:219.24,221.6 1 0
vaultdb/internal/auth/manager.go:223.4,224.10 2 1
vaultdb/internal/auth/manager.go:227.3,229.60 2 1
vaultdb/internal/auth/manager.go:229.60,232.4 2 0
vaultdb/internal/auth/manager.go:233.3,233.30 1 1
vaultdb/internal/auth/manager.go:233.30,241.4 4 0
vaultdb/internal/auth/manager.go:243.3,244.45 2 1
vaultdb/internal/auth/manager.go:244.45,254.4 5 1
vaultdb/internal/auth/manager.go:256.3,257.30 2 1
vaultdb/internal/auth/manager.go:261.47,263.46 2 1
vaultdb/internal/auth/manager.go:263.46,265.3 1 1
vaultdb/internal/auth/manager.go:266.2,266.59 1 1
vaultdb/internal/auth/manager.go:266.59,268.3 1 0
vaultdb/internal/auth/manager.go:269.2,269.11 1 1
vaultdb/internal/ai/cache.go:33.89,34.19 1 1
vaultdb/internal/ai/cache.go:34.19,36.3 1 0
vaultdb/internal/ai/cache.go:37.2,43.3 1 1
vaultdb/internal/ai/cache.go:46.35,49.2 2 1
vaultdb/internal/ai/cache.go:51.85,55.34 3 1
vaultdb/internal/ai/cache.go:55.34,57.56 2 1
vaultdb/internal/ai/cache.go:57.56,61.4 3 1
vaultdb/internal/ai/cache.go:62.3,67.16 4 1
vaultdb/internal/ai/cache.go:68.8,70.3 1 1
vaultdb/internal/ai/cache.go:72.2,73.16 2 1
vaultdb/internal/ai/cache.go:73.16,75.3 1 0
vaultdb/internal/ai/cache.go:77.2,81.34 3 1
vaultdb/internal/ai/cache.go:81.34,83.56 2 0
vaultdb/internal/ai/cache.go:83.56,86.4 2 0
vaultdb/internal/ai/cache.go:87.3,87.22 1 0
vaultdb/internal/ai/cache.go:90.2,90.32 1 1
vaultdb/internal/ai/cache.go:90.32,92.3 1 1
vaultdb/internal/ai/cache.go:94.2,98.17 4 1
vaultdb/internal/ai/cache.go:101.34,103.17 2 1
vaultdb/internal/ai/cache.go:103.17,105.3 1 0
vaultdb/internal/ai/cache.go:106.2,106.21 1 1
vaultdb/internal/ai/cache.go:109.58,113.2 3 1
vaultdb/internal/ai/cache.go:116.36,120.2 3 1
vaultdb/internal/ai/cache.go:123.34,128.2 4 1
vaultdb/internal/ai/embedder.go:34.68,41.2 1 1
vaultdb/internal/ai/embedder.go:43.83,47.53 3 1
vaultdb/internal/ai/embedder.go:47.53,48.18 1 1
vaultdb/internal/ai/embedder.go:48.18,52.11 2 1
vaultdb/internal/ai/embedder.go:53.22,54.26 1 0
vaultdb/internal/ai/embedder.go:55.31,55.31 0 1
vaultdb/internal/ai/embedder.go:59.3,60.17 2 1
vaultdb/internal/ai/embedder.go:60.17,62.4 1 1
vaultdb/internal/ai/embedder.go:65.3,65.23 1 1
vaultdb/internal/ai/embedder.go:65.23,67.12 2 1
vaultdb/internal/ai/embedder.go:71.3,71.18 1 1
vaultdb/internal/ai/embedder.go:74.2,74.92 1 0
vaultdb/internal/ai/embedder.go:77.85,85.16 2 1
vaultdb/internal/ai/embedder.go:85.16,87.3 1 0
vaultdb/internal/ai/embedder.go:89.2,90.16 2 1
vaultdb/internal/ai/embedder.go:90.16,92.3 1 0
vaultdb/internal/ai/embedder.go:93.2,94.20 2 1
vaultdb/internal/ai/embedder.go:94.20,96.3 1 1
vaultdb/internal/ai/embedder.go:98.2,99.16 2 1
vaultdb/internal/ai/embedder.go:99.16,101.3 1 0
vaultdb/internal/ai/embedder.go:102.2,104.53 2 1
vaultdb/internal/ai/embedder.go:104.53,106.3 1 1
vaultdb/internal/ai/embedder.go:111.2,117.67 2 1
vaultdb/internal/ai/embedder.go:117.67,119.3 1 0
vaultdb/internal/ai/embedder.go:121.2,121.63 1 1
vaultdb/internal/ai/embedder.go:121.63,123.3 1 1
vaultdb/internal/ai/embedder.go:124.2,124.31 1 0
vaultdb/internal/ai/embedder.go:124.31,126.3 1 0
vaultdb/internal/ai/embedder.go:127.2,127.67 1 0
vaultdb/internal/ai/embedder.go:136.36,138.2 1 0
vaultdb/internal/ai/embedder.go:141.34,143.30 2 1
vaultdb/internal/ai/embedder.go:143.30,147.3 1 1
vaultdb/internal/ai/embedder.go:149.2,150.29 2 0
vaultdb/internal/ai/embedder.go:150.29,152.3 1 0
vaultdb/internal/ai/embedder.go:153.2,153.14 1 0
vaultdb/internal/ai/embedder.go:160.75,165.2 1 1
vaultdb/internal/ai/embedder.go:171.78,175.110 3 1
vaultdb/internal/ai/embedder.go:175.110,177.3 1 1
vaultdb/internal/ai/embedder.go:178.2,178.189 1 1
vaultdb/internal/ai/embedder.go:178.189,180.3 1 1
vaultdb/internal/ai/embedder.go:182.2,183.33 2 1
vaultdb/internal/ai/embedder.go:183.33,185.3 1 1
vaultdb/internal/ai/embedder.go:186.2,186.21 1 1
vaultdb/internal/ai/embedder.go:186.21,188.3 1 1
vaultdb/internal/ai/embedder.go:189.2,189.17 1 1
vaultdb/internal/index/btree.go:29.67,38.2 1 1
vaultdb/internal/index/btree.go:40.40,40.58 1 1
vaultdb/internal/index/btree.go:41.40,41.59 1 0
vaultdb/internal/index/btree.go:42.40,42.61 1 0
vaultdb/internal/index/btree.go:43.40,43.63 1 0
vaultdb/internal/index/btree.go:46.54,50.2 3 0
vaultdb/internal/index/btree.go:53.59,58.47 4 1
vaultdb/internal/index/btree.go:58.47,62.3 3 1
vaultdb/internal/index/btree.go:63.2,63.19 1 1
vaultdb/internal/index/btree.go:67.54,72.15 4 1
vaultdb/internal/index/btree.go:72.15,74.3 1 1
vaultdb/internal/index/btree.go:75.2,76.16 2 1
vaultdb/internal/index/btree.go:76.16,78.51 2 1
vaultdb/internal/index/btree.go:78.51,80.4 1 1
vaultdb/internal/index/btree.go:83.2,84.31 2 1
vaultdb/internal/index/btree.go:84.31,86.3 1 1
vaultdb/internal/index/btree.go:87.2,87.15 1 1
vaultdb/internal/index/btree.go:91.57,96.47 4 1
vaultdb/internal/index/btree.go:96.47,98.3 1 1
vaultdb/internal/index/btree.go:98.8,106.3 6 1
vaultdb/internal/index/btree.go:107.2,107.29 1 1
vaultdb/internal/index/btree.go:111.43,116.9 4 1
vaultdb/internal/index/btree.go:116.9,118.3 1 0
vaultdb/internal/index/btree.go:119.2,122.46 3 1
vaultdb/internal/index/btree.go:122.46,124.3 1 0
vaultdb/internal/index/btree.go:126.2,126.36 1 1
vaultdb/internal/index/btree.go:126.36,127.20 1 1
vaultdb/internal/index/btree.go:127.20,129.9 2 1
vaultdb/internal/index/btree.go:133.2,133.29 1 1
vaultdb/internal/index/btree.go:133.29,136.3 2 1
vaultdb/internal/index/btree.go:140.53,154.29 8 1
vaultdb/internal/index/btree.go:154.29,155.25 1 1
vaultdb/internal/index/btree.go:155.25,156.12 1 0
vaultdb/internal/index/btree.go:158.3,158.36 1 1
vaultdb/internal/index/btree.go:158.36,159.12 1 0
vaultdb/internal/index/btree.go:161.3,162.55 2 1
vaultdb/internal/index/btree.go:165.2,165.42 1 1
vaultdb/internal/index/btree.go:165.42,167.3 1 1
vaultdb/internal/index/btree.go:169.2,169.28 1 1
vaultdb/internal/index/btree.go:169.28,170.62 1 1
vaultdb/internal/index/btree.go:170.62,172.4 1 0
vaultdb/internal/index/btree.go:172.9,175.4 2 1
vaultdb/internal/index/btree.go:176.3,176.29 1 1
vaultdb/internal/index/btree.go:191.48,204.16 5 0
vaultdb/internal/index/btree.go:204.16,206.3 1 0
vaultdb/internal/index/btree.go:208.2,208.43 1 0
vaultdb/internal/index/btree.go:212.55,214.16 2 0
vaultdb/internal/index/btree.go:214.16,216.3 1 0
vaultdb/internal/index/btree.go:218.2,219.56 2 0
vaultdb/internal/index/btree.go:219.56,221.3 1 0
vaultdb/internal/index/btree.go:223.2,230.8 1 0
vaultdb/internal/index/composite.go:26.87,33.2 1 0
vaultdb/internal/index/composite.go:35.48,35.67 1 0
vaultdb/internal/index/composite.go:36.48,36.89 1 0
vaultdb/internal/index/composite.go:37.48,37.74 1 0
vaultdb/internal/index/composite.go:38.48,38.70 1 0
vaultdb/internal/index/composite.go:39.58,42.34 3 0
vaultdb/internal/index/composite.go:42.34,43.17 1 0
vaultdb/internal/index/composite.go:43.17,45.9 2 0
vaultdb/internal/index/composite.go:51.70,53.34 2 0
vaultdb/internal/index/composite.go:53.34,54.23 1 0
vaultdb/internal/index/composite.go:54.23,56.4 1 0
vaultdb/internal/index/composite.go:58.2,58.36 1 0
vaultdb/internal/index/composite.go:61.45,62.14 1 0
vaultdb/internal/index/composite.go:62.14,64.3 1 0
vaultdb/internal/index/composite.go:65.2,65.59 1 0
vaultdb/internal/index/composite.go:68.40,69.25 1 0
vaultdb/internal/index/composite.go:70.14,71.13 1 0
vaultdb/internal/index/composite.go:72.11,75.14 3 0
vaultdb/internal/index/composite.go:75.14,77.4 1 0
vaultdb/internal/index/composite.go:78.3,78.11 1 0
vaultdb/internal/index/composite.go:79.13,82.14 3 0
vaultdb/internal/index/composite.go:82.14,84.4 1 0
vaultdb/internal/index/composite.go:85.3,85.11 1 0
vaultdb/internal/index/composite.go:86.15,89.14 3 0
vaultdb/internal/index/composite.go:89.14,91.4 1 0
vaultdb/internal/index/composite.go:92.3,92.11 1 0
vaultdb/internal/index/composite.go:93.12,94.10 1 0
vaultdb/internal/index/composite.go:94.10,96.4 1 0
vaultdb/internal/index/composite.go:97.3,97.13 1 0
vaultdb/internal/index/composite.go:98.10,99.85 1 0
vaultdb/internal/index/composite.go:104.38,106.13 2 0
vaultdb/internal/index/composite.go:106.13,108.3 1 0
vaultdb/internal/index/composite.go:109.2,109.10 1 0
vaultdb/internal/index/composite.go:112.41,113.25 1 0
vaultdb/internal/index/composite.go:114.14,115.13 1 0
vaultdb/internal/index/composite.go:116.11,117.15 1 0
vaultdb/internal/index/composite.go:117.15,119.4 1 0
vaultdb/internal/index/composite.go:120.3,120.14 1 0
vaultdb/internal/index/composite.go:120.14,122.4 1 0
vaultdb/internal/index/composite.go:123.3,123.57 1 0
vaultdb/internal/index/composite.go:124.13,125.15 1 0
vaultdb/internal/index/composite.go:125.15,127.4 1 0
vaultdb/internal/index/composite.go:128.3,128.14 1 0
vaultdb/internal/index/composite.go:128.14,130.4 1 0
vaultdb/internal/index/composite.go:131.3,131.57 1 0
vaultdb/internal/index/composite.go:132.15,133.85 1 0
vaultdb/internal/index/composite.go:134.12,135.10 1 0
vaultdb/internal/index/composite.go:135.10,137.4 1 0
vaultdb/internal/index/composite.go:138.3,138.13 1 0
vaultdb/internal/index/composite.go:139.10,140.85 1 0
vaultdb/internal/index/composite.go:144.63,149.48 4 0
vaultdb/internal/index/composite.go:149.48,151.3 1 0
vaultdb/internal/index/composite.go:152.2,152.28 1 0
vaultdb/internal/index/composite.go:155.61,160.47 4 0
vaultdb/internal/index/composite.go:160.47,162.3 1 0
vaultdb/internal/index/composite.go:162.8,170.3 6 0
vaultdb/internal/index/composite.go:171.2,171.29 1 0
vaultdb/internal/index/composite.go:174.47,179.9 4 0
vaultdb/internal/index/composite.go:179.9,181.3 1 0
vaultdb/internal/index/composite.go:182.2,185.45 3 0
vaultdb/internal/index/composite.go:185.45,186.37 1 0
vaultdb/internal/index/composite.go:186.37,187.21 1 0
vaultdb/internal/index/composite.go:187.21,189.10 2 0
vaultdb/internal/index/composite.go:192.3,192.30 1 0
vaultdb/internal/index/composite.go:192.30,195.4 2 0
vaultdb/internal/index/composite.go:199.57,207.27 6 0
vaultdb/internal/index/composite.go:207.27,208.25 1 0
vaultdb/internal/index/composite.go:208.25,209.12 1 0
vaultdb/internal/index/composite.go:211.3,212.21 2 0
vaultdb/internal/index/composite.go:217.52,228.16 5 0
vaultdb/internal/index/composite.go:228.16,230.3 1 0
vaultdb/internal/index/composite.go:231.2,231.40 1 0
vaultdb/internal/index/gin_index.go:27.63,37.2 1 1
vaultdb/internal/index/gin_index.go:39.68,49.2 1 1
vaultdb/internal/index/gin_index.go:51.36,51.52 1 1
vaultdb/internal/index/gin_index.go:52.36,52.53 1 1
vaultdb/internal/index/gin_index.go:53.36,53.55 1 1
vaultdb/internal/index/gin_index.go:54.36,54.57 1 1
vaultdb/internal/index/gin_index.go:55.50,59.2 3 1
vaultdb/internal/index/gin_index.go:61.55,65.22 4 1
vaultdb/internal/index/gin_index.go:65.22,67.3 1 0
vaultdb/internal/index/gin_index.go:68.2,70.31 3 1
vaultdb/internal/index/gin_index.go:70.31,72.12 2 1
vaultdb/internal/index/gin_index.go:72.12,73.34 1 1
vaultdb/internal/index/gin_index.go:73.34,75.5 1 1
vaultdb/internal/index/gin_index.go:76.4,76.17 1 1
vaultdb/internal/index/gin_index.go:77.9,78.28 1 0
vaultdb/internal/index/gin_index.go:78.28,80.33 2 0
vaultdb/internal/index/gin_index.go:80.33,81.18 1 0
vaultdb/internal/index/gin_index.go:81.18,83.12 2 0
vaultdb/internal/index/gin_index.go:86.5,86.15 1 0
vaultdb/internal/index/gin_index.go:86.15,88.6 1 0
vaultdb/internal/index/gin_index.go:92.2,93.25 2 1
vaultdb/internal/index/gin_index.go:93.25,95.3 1 1
vaultdb/internal/index/gin_index.go:96.2,96.26 1 1
vaultdb/internal/index/gin_index.go:99.53,101.2 1 1
vaultdb/internal/index/gin_index.go:103.39,105.2 1 1
vaultdb/internal/index/gin_index.go:107.49,113.27 6 1
vaultdb/internal/index/gin_index.go:113.27,114.25 1 1
vaultdb/internal/index/gin_index.go:114.25,116.4 1 1
vaultdb/internal/index/gin_index.go:120.54,124.2 3 1
vaultdb/internal/index/gin_index.go:126.60,128.28 2 1
vaultdb/internal/index/gin_index.go:128.28,132.32 4 0
vaultdb/internal/index/gin_index.go:132.32,134.4 1 0
vaultdb/internal/index/gin_index.go:135.8,139.32 4 1
vaultdb/internal/index/gin_index.go:139.32,141.4 1 1
vaultdb/internal/index/gin_index.go:145.38,149.40 3 1
vaultdb/internal/index/gin_index.go:149.40,150.32 1 1
vaultdb/internal/index/gin_index.go:150.32,152.34 2 1
vaultdb/internal/index/gin_index.go:152.34,153.21 1 1
vaultdb/internal/index/gin_index.go:153.21,155.11 2 1
vaultdb/internal/index/gin_index.go:158.4,158.31 1 1
vaultdb/internal/index/gin_index.go:158.31,160.5 1 1
vaultdb/internal/index/gin_index.go:162.3,162.27 1 1
vaultdb/internal/index/gin_index.go:164.2,164.29 1 1
vaultdb/internal/index/gin_index.go:167.47,172.28 4 1
vaultdb/internal/index/gin_index.go:172.28,174.3 1 0
vaultdb/internal/index/gin_index.go:174.8,176.3 1 1
vaultdb/internal/index/gin_index.go:178.2,178.27 1 1
vaultdb/internal/index/gin_index.go:178.27,180.3 1 0
vaultdb/internal/index/gin_index.go:182.2,184.36 3 1
vaultdb/internal/index/gin_index.go:184.36,186.12 2 1
vaultdb/internal/index/gin_index.go:186.12,187.34 1 1
vaultdb/internal/index/gin_index.go:187.34,189.5 1 1
vaultdb/internal/index/gin_index.go:190.4,190.17 1 1
vaultdb/internal/index/gin_index.go:191.9,192.28 1 1
vaultdb/internal/index/gin_index.go:192.28,194.33 2 1
vaultdb/internal/index/gin_index.go:194.33,195.18 1 1
vaultdb/internal/index/gin_index.go:195.18,197.12 2 1
vaultdb/internal/index/gin_index.go:200.5,200.15 1 1
vaultdb/internal/index/gin_index.go:200.15,202.6 1 1
vaultdb/internal/index/gin_index.go:207.2,208.25 2 1
vaultdb/internal/index/gin_index.go:208.25,210.3 1 1
vaultdb/internal/index/gin_index.go:211.2,211.12 1 1
vaultdb/internal/index/gin_index.go:214.60,218.28 3 0
vaultdb/internal/index/gin_index.go:218.28,220.3 1 0
vaultdb/internal/index/gin_index.go:222.2,223.27 2 0
vaultdb/internal/index/gin_index.go:223.27,225.3 1 0
vaultdb/internal/index/gin_index.go:227.2,228.47 2 0
vaultdb/internal/index/gin_index.go:228.47,231.34 3 0
vaultdb/internal/index/gin_index.go:231.34,233.4 1 0
vaultdb/internal/index/gin_index.go:234.3,235.34 2 0
vaultdb/internal/index/gin_index.go:235.34,236.22 1 0
vaultdb/internal/index/gin_index.go:236.22,238.10 2 0
vaultdb/internal/index/gin_index.go:241.3,241.15 1 0
vaultdb/internal/index/gin_index.go:241.15,243.4 1 0
vaultdb/internal/index/gin_index.go:246.2,247.25 2 0
vaultdb/internal/index/gin_index.go:247.25,249.3 1 0
vaultdb/internal/index/gin_index.go:250.2,250.12 1 0
vaultdb/internal/index/gin_index.go:253.56,257.28 3 0
vaultdb/internal/index/gin_index.go:257.28,259.3 1 0
vaultdb/internal/index/gin_index.go:261.2,266.12 6 0
vaultdb/internal/index/gin_index.go:269.39,271.62 2 0
vaultdb/internal/index/gin_index.go:271.62,273.3 1 0
vaultdb/internal/index/gin_index.go:275.2,277.57 3 0
vaultdb/internal/index/gin_index.go:277.57,279.3 1 0
vaultdb/internal/index/gin_index.go:281.2,282.32 2 0
vaultdb/internal/index/gin_index.go:282.32,283.26 1 0
vaultdb/internal/index/gin_index.go:284.31,285.26 1 0
vaultdb/internal/index/gin_index.go:285.26,289.5 3 0
vaultdb/internal/index/gin_index.go:290.22,291.29 1 0
vaultdb/internal/index/gin_index.go:291.29,294.5 2 0
vaultdb/internal/index/gin_index.go:295.11,296.68 1 0
vaultdb/internal/index/gin_index.go:299.2,300.15 2 0
vaultdb/internal/index/gin_index.go:303.34,304.49 1 1
vaultdb/internal/index/gin_index.go:304.49,306.3 1 1
vaultdb/internal/index/gin_index.go:309.42,310.14 1 1
vaultdb/internal/index/gin_index.go:310.14,312.3 1 0
vaultdb/internal/index/gin_index.go:313.2,314.75 1 1
vaultdb/internal/index/gin_index.go:317.44,331.16 5 1
vaultdb/internal/index/gin_index.go:331.16,333.3 1 0
vaultdb/internal/index/gin_index.go:334.2,334.40 1 1
vaultdb/internal/index/gin_index.go:337.44,342.16 4 1
vaultdb/internal/index/gin_index.go:342.16,344.3 1 0
vaultdb/internal/index/gin_index.go:345.2,346.53 2 1
vaultdb/internal/index/gin_index.go:346.53,348.3 1 0
vaultdb/internal/index/gin_index.go:349.2,349.43 1 1
vaultdb/internal/index/gin_index.go:349.43,351.3 1 1
vaultdb/internal/index/gin_index.go:352.2,352.44 1 1
vaultdb/internal/index/gin_index.go:352.44,354.3 1 1
vaultdb/internal/index/gin_index.go:355.2,355.46 1 1
vaultdb/internal/index/gin_index.go:355.46,357.3 1 1
vaultdb/internal/index/gin_index.go:358.2,358.46 1 1
vaultdb/internal/index/gin_index.go:358.46,360.3 1 1
vaultdb/internal/index/gin_index.go:361.2,361.12 1 1
vaultdb/internal/index/gist_index.go:18.29,23.2 1 1
vaultdb/internal/index/gist_index.go:25.29,27.2 1 1
vaultdb/internal/index/gist_index.go:29.50,31.2 1 0
vaultdb/internal/index/gist_index.go:33.50,35.2 1 0
vaultdb/internal/index/gist_index.go:51.33,52.14 1 1
vaultdb/internal/index/gist_index.go:52.14,53.25 1 1
vaultdb/internal/index/gist_index.go:53.25,55.36 2 1
vaultdb/internal/index/gist_index.go:55.36,57.5 1 1
vaultdb/internal/index/gist_index.go:59.8,60.26 1 1
vaultdb/internal/index/gist_index.go:60.26,62.37 2 1
vaultdb/internal/index/gist_index.go:62.37,64.5 1 1
vaultdb/internal/index/gist_index.go:77.65,84.2 1 1
vaultdb/internal/index/gist_index.go:86.37,86.54 1 1
vaultdb/internal/index/gist_index.go:87.37,87.54 1 1
vaultdb/internal/index/gist_index.go:88.37,88.56 1 1
vaultdb/internal/index/gist_index.go:89.37,89.58 1 1
vaultdb/internal/index/gist_index.go:90.51,94.2 3 0
vaultdb/internal/index/gist_index.go:96.56,103.2 5 1
vaultdb/internal/index/gist_index.go:105.75,106.14 1 1
vaultdb/internal/index/gist_index.go:106.14,107.31 1 1
vaultdb/internal/index/gist_index.go:107.31,108.22 1 1
vaultdb/internal/index/gist_index.go:108.22,110.5 1 1
vaultdb/internal/index/gist_index.go:112.3,112.9 1 1
vaultdb/internal/index/gist_index.go:114.2,114.35 1 1
vaultdb/internal/index/gist_index.go:114.35,116.3 1 1
vaultdb/internal/index/gist_index.go:119.54,121.2 1 0
vaultdb/internal/index/gist_index.go:123.40,125.2 1 0
vaultdb/internal/index/gist_index.go:127.50,132.27 4 1
vaultdb/internal/index/gist_index.go:132.27,133.25 1 1
vaultdb/internal/index/gist_index.go:133.25,137.4 3 1
vaultdb/internal/index/gist_index.go:139.2,139.23 1 1
vaultdb/internal/index/gist_index.go:139.23,142.3 2 0
vaultdb/internal/index/gist_index.go:143.2,143.30 1 1
vaultdb/internal/index/gist_index.go:146.62,147.42 1 1
vaultdb/internal/index/gist_index.go:147.42,149.3 1 1
vaultdb/internal/index/gist_index.go:151.2,151.35 1 1
vaultdb/internal/index/gist_index.go:151.35,155.3 3 1
vaultdb/internal/index/gist_index.go:157.2,158.31 2 0
vaultdb/internal/index/gist_index.go:158.31,160.3 1 0
vaultdb/internal/index/gist_index.go:162.2,163.47 2 0
vaultdb/internal/index/gist_index.go:163.47,165.25 2 0
vaultdb/internal/index/gist_index.go:165.25,167.4 1 0
vaultdb/internal/index/gist_index.go:168.3,169.34 2 0
vaultdb/internal/index/gist_index.go:169.34,173.4 3 0
vaultdb/internal/index/gist_index.go:173.9,175.4 1 0
vaultdb/internal/index/gist_index.go:178.2,178.36 1 0
vaultdb/internal/index/gist_index.go:178.36,182.3 3 0
vaultdb/internal/index/gist_index.go:184.2,184.34 1 0
vaultdb/internal/index/gist_index.go:187.69,188.43 1 0
vaultdb/internal/index/gist_index.go:188.43,190.3 1 0
vaultdb/internal/index/gist_index.go:192.2,192.36 1 0
vaultdb/internal/index/gist_index.go:192.36,196.3 3 0
vaultdb/internal/index/gist_index.go:198.2,200.48 3 0
vaultdb/internal/index/gist_index.go:200.48,202.26 2 0
vaultdb/internal/index/gist_index.go:202.26,204.4 1 0
vaultdb/internal/index/gist_index.go:205.3,208.31 4 0
vaultdb/internal/index/gist_index.go:211.2,211.35 1 0
vaultdb/internal/index/gist_index.go:211.35,215.3 3 0
vaultdb/internal/index/gist_index.go:216.2,216.33 1 0
vaultdb/internal/index/gist_index.go:219.55,223.2 3 1
vaultdb/internal/index/gist_index.go:225.61,230.2 4 1
vaultdb/internal/index/gist_index.go:232.60,233.14 1 1
vaultdb/internal/index/gist_index.go:233.14,236.37 3 1
vaultdb/internal/index/gist_index.go:236.37,238.4 1 1
vaultdb/internal/index/gist_index.go:239.3,239.9 1 1
vaultdb/internal/index/gist_index.go:242.2,245.37 4 1
vaultdb/internal/index/gist_index.go:245.37,247.3 1 1
vaultdb/internal/index/gist_index.go:250.73,253.39 3 1
vaultdb/internal/index/gist_index.go:253.39,255.82 2 1
vaultdb/internal/index/gist_index.go:255.82,258.4 2 1
vaultdb/internal/index/gist_index.go:260.2,260.13 1 1
vaultdb/internal/index/gist_index.go:263.71,266.2 2 1
vaultdb/internal/index/gist_index.go:268.45,270.38 2 1
vaultdb/internal/index/gist_index.go:270.38,272.3 1 1
vaultdb/internal/index/gist_index.go:273.2,280.17 6 1
vaultdb/internal/index/gist_index.go:280.17,284.3 3 1
vaultdb/internal/index/gist_index.go:286.2,286.27 1 1
vaultdb/internal/index/gist_index.go:289.49,291.38 2 1
vaultdb/internal/index/gist_index.go:291.38,293.3 1 1
vaultdb/internal/index/gist_index.go:294.2,301.17 6 1
vaultdb/internal/index/gist_index.go:301.17,305.3 3 1
vaultdb/internal/index/gist_index.go:307.2,307.27 1 1
vaultdb/internal/index/gist_index.go:310.59,312.64 2 1
vaultdb/internal/index/gist_index.go:312.64,313.15 1 1
vaultdb/internal/index/gist_index.go:313.15,315.4 1 1
vaultdb/internal/index/gist_index.go:316.3,316.32 1 1
vaultdb/internal/index/gist_index.go:316.32,317.19 1 1
vaultdb/internal/index/gist_index.go:317.19,319.5 1 1
vaultdb/internal/index/gist_index.go:321.3,321.32 1 1
vaultdb/internal/index/gist_index.go:321.32,322.44 1 1
vaultdb/internal/index/gist_index.go:322.44,324.5 1 1
vaultdb/internal/index/gist_index.go:326.3,326.13 1 1
vaultdb/internal/index/gist_index.go:329.2,330.19 2 1
vaultdb/internal/index/gist_index.go:330.19,333.3 2 1
vaultdb/internal/index/gist_index.go:336.39,341.2 3 1
vaultdb/internal/index/gist_index.go:343.62,344.14 1 1
vaultdb/internal/index/gist_index.go:344.14,345.31 1 1
vaultdb/internal/index/gist_index.go:345.31,346.22 1 1
vaultdb/internal/index/gist_index.go:346.22,350.5 3 1
vaultdb/internal/index/gist_index.go:352.3,352.15 1 0
vaultdb/internal/index/gist_index.go:354.2,354.35 1 0
vaultdb/internal/index/gist_index.go:354.35,355.33 1 0
vaultdb/internal/index/gist_index.go:355.33,358.4 2 0
vaultdb/internal/index/gist_index.go:360.2,360.14 1 0
vaultdb/internal/index/gist_index.go:363.57,370.2 5 1
vaultdb/internal/index/gist_index.go:372.84,373.14 1 1
vaultdb/internal/index/gist_index.go:373.14,374.31 1 1
vaultdb/internal/index/gist_index.go:374.31,375.36 1 1
vaultdb/internal/index/gist_index.go:375.36,377.5 1 1
vaultdb/internal/index/gist_index.go:379.3,379.9 1 1
vaultdb/internal/index/gist_index.go:381.2,381.35 1 0
vaultdb/internal/index/gist_index.go:381.35,382.75 1 0
vaultdb/internal/index/gist_index.go:382.75,384.4 1 0
vaultdb/internal/index/gist_index.go:388.69,395.2 5 1
vaultdb/internal/index/gist_index.go:397.96,398.14 1 1
vaultdb/internal/index/gist_index.go:398.14,399.31 1 1
vaultdb/internal/index/gist_index.go:399.31,400.46 1 1
vaultdb/internal/index/gist_index.go:400.46,402.5 1 1
vaultdb/internal/index/gist_index.go:404.3,404.9 1 1
vaultdb/internal/index/gist_index.go:406.2,406.35 1 0
vaultdb/internal/index/gist_index.go:406.35,407.49 1 0
vaultdb/internal/index/gist_index.go:407.49,409.4 1 0
vaultdb/internal/index/gist_index.go:413.46,414.14 1 1
vaultdb/internal/index/gist_index.go:414.14,416.3 1 0
vaultdb/internal/index/gist_index.go:417.2,417.29 1 1
vaultdb/internal/index/gist_index.go:420.50,423.25 3 1
vaultdb/internal/index/gist_index.go:423.25,424.64 1 1
vaultdb/internal/index/gist_index.go:424.64,426.4 1 1
vaultdb/internal/index/gist_index.go:427.3,427.14 1 1
vaultdb/internal/index/gist_index.go:429.2,429.12 1 1
vaultdb/internal/index/gist_index.go:429.12,431.3 1 0
vaultdb/internal/index/gist_index.go:432.2,432.17 1 1
vaultdb/internal/index/gist_index.go:449.51,450.14 1 1
vaultdb/internal/index/gist_index.go:450.14,452.3 1 0
vaultdb/internal/index/gist_index.go:453.2,457.14 2 1
vaultdb/internal/index/gist_index.go:457.14,459.3 1 1
vaultdb/internal/index/gist_index.go:459.8,461.32 2 0
vaultdb/internal/index/gist_index.go:461.32,463.4 1 0
vaultdb/internal/index/gist_index.go:465.2,465.10 1 1
vaultdb/internal/index/gist_index.go:468.53,469.14 1 1
vaultdb/internal/index/gist_index.go:469.14,471.3 1 0
vaultdb/internal/index/gist_index.go:472.2,476.14 2 1
vaultdb/internal/index/gist_index.go:476.14,478.3 1 1
vaultdb/internal/index/gist_index.go:478.8,480.33 2 0
vaultdb/internal/index/gist_index.go:480.33,482.4 1 0
vaultdb/internal/index/gist_index.go:484.2,484.10 1 1
vaultdb/internal/index/gist_index.go:487.45,498.16 5 1
vaultdb/internal/index/gist_index.go:498.16,500.3 1 0
vaultdb/internal/index/gist_index.go:501.2,501.40 1 1
vaultdb/internal/index/gist_index.go:504.45,509.16 4 1
vaultdb/internal/index/gist_index.go:509.16,511.3 1 0
vaultdb/internal/index/gist_index.go:512.2,513.53 2 1
vaultdb/internal/index/gist_index.go:513.53,515.3 1 0
vaultdb/internal/index/gist_index.go:516.2,516.21 1 1
vaultdb/internal/index/gist_index.go:516.21,518.3 1 1
vaultdb/internal/index/gist_index.go:519.2,519.23 1 1
vaultdb/internal/index/gist_index.go:519.23,521.3 1 1
vaultdb/internal/index/gist_index.go:522.2,523.22 2 1
vaultdb/internal/index/gist_index.go:523.22,525.3 1 1
vaultdb/internal/index/gist_index.go:526.2,526.12 1 1
vaultdb/internal/index/hash_index.go:30.56,38.2 1 1
vaultdb/internal/index/hash_index.go:40.39,40.56 1 1
vaultdb/internal/index/hash_index.go:41.39,41.58 1 1
vaultdb/internal/index/hash_index.go:42.39,42.60 1 1
vaultdb/internal/index/hash_index.go:43.39,43.62 1 1
vaultdb/internal/index/hash_index.go:47.53,51.2 3 1
vaultdb/internal/index/hash_index.go:54.58,58.9 4 1
vaultdb/internal/index/hash_index.go:58.9,60.3 1 1
vaultdb/internal/index/hash_index.go:61.2,63.21 3 1
vaultdb/internal/index/hash_index.go:67.56,72.2 4 1
vaultdb/internal/index/hash_index.go:75.42,79.9 4 1
vaultdb/internal/index/hash_index.go:79.9,81.3 1 1
vaultdb/internal/index/hash_index.go:82.2,84.30 3 1
vaultdb/internal/index/hash_index.go:84.30,85.18 1 1
vaultdb/internal/index/hash_index.go:85.18,87.9 2 1
vaultdb/internal/index/hash_index.go:90.2,90.29 1 1
vaultdb/internal/index/hash_index.go:90.29,92.3 1 1
vaultdb/internal/index/hash_index.go:96.52,103.29 5 1
vaultdb/internal/index/hash_index.go:103.29,104.25 1 1
vaultdb/internal/index/hash_index.go:104.25,105.12 1 1
vaultdb/internal/index/hash_index.go:107.3,107.36 1 1
vaultdb/internal/index/hash_index.go:107.36,108.12 1 0
vaultdb/internal/index/hash_index.go:110.3,112.25 3 1
vaultdb/internal/index/hash_index.go:117.44,118.14 1 1
vaultdb/internal/index/hash_index.go:118.14,120.3 1 1
vaultdb/internal/index/hash_index.go:121.2,121.29 1 1
vaultdb/internal/index/manager.go:22.75,23.19 1 1
vaultdb/internal/index/manager.go:24.15,25.47 1 1
vaultdb/internal/index/manager.go:26.13,27.45 1 1
vaultdb/internal/index/manager.go:28.19,29.50 1 1
vaultdb/internal/index/manager.go:30.14,31.46 1 1
vaultdb/internal/index/manager.go:32.19,33.68 1 0
vaultdb/internal/index/manager.go:34.10,35.37 1 1
vaultdb/internal/index/manager.go:40.98,41.19 1 0
vaultdb/internal/index/manager.go:42.15,43.54 1 0
vaultdb/internal/index/manager.go:44.10,45.54 1 0
vaultdb/internal/index/manager.go:58.33,63.2 1 1
vaultdb/internal/index/manager.go:65.38,67.2 1 1
vaultdb/internal/index/manager.go:69.39,72.42 3 1
vaultdb/internal/index/manager.go:72.42,74.3 1 1
vaultdb/internal/index/manager.go:75.2,77.48 3 1
vaultdb/internal/index/manager.go:80.44,84.9 4 1
vaultdb/internal/index/manager.go:84.9,86.3 1 1
vaultdb/internal/index/manager.go:87.2,88.25 2 1
vaultdb/internal/index/manager.go:92.52,95.24 3 1
vaultdb/internal/index/manager.go:95.24,96.29 1 1
vaultdb/internal/index/manager.go:96.29,98.9 2 1
vaultdb/internal/index/manager.go:101.2,101.31 1 1
vaultdb/internal/index/manager.go:101.31,103.3 1 1
vaultdb/internal/index/manager.go:108.77,112.9 4 1
vaultdb/internal/index/manager.go:112.9,114.3 1 0
vaultdb/internal/index/manager.go:115.2,118.48 4 1
vaultdb/internal/index/manager.go:121.46,126.2 4 1
vaultdb/internal/index/manager.go:129.67,132.68 3 1
vaultdb/internal/index/manager.go:132.68,134.3 1 1
vaultdb/internal/index/manager.go:135.2,135.19 1 1
vaultdb/internal/index/manager.go:139.77,143.27 4 0
vaultdb/internal/index/manager.go:143.27,145.3 1 0
vaultdb/internal/index/manager.go:146.2,148.21 3 0
vaultdb/internal/index/manager.go:151.38,155.32 4 1
vaultdb/internal/index/manager.go:155.32,157.3 1 1
vaultdb/internal/index/manager.go:158.2,158.15 1 1
vaultdb/internal/index/manager.go:162.76,167.27 4 0
vaultdb/internal/index/manager.go:167.27,169.3 1 0
vaultdb/internal/index/manager.go:172.2,172.27 1 0
vaultdb/internal/index/manager.go:172.27,173.41 1 0
vaultdb/internal/index/manager.go:173.41,175.4 1 0
vaultdb/internal/index/manager.go:178.2,178.19 1 0
vaultdb/internal/index/manager.go:182.75,187.27 4 0
vaultdb/internal/index/manager.go:187.27,189.3 1 0
vaultdb/internal/index/manager.go:191.2,191.27 1 0
vaultdb/internal/index/manager.go:191.27,192.37 1 0
vaultdb/internal/index/manager.go:192.37,194.4 1 0
vaultdb/internal/index/manager.go:197.2,197.19 1 0
vaultdb/internal/index/manager.go:201.87,206.27 4 0
vaultdb/internal/index/manager.go:206.27,208.3 1 0
vaultdb/internal/index/manager.go:210.2,210.27 1 0
vaultdb/internal/index/manager.go:210.27,211.39 1 0
vaultdb/internal/index/manager.go:211.39,213.4 1 0
vaultdb/internal/index/manager.go:216.2,216.19 1 0
vaultdb/internal/index/manager.go:220.89,225.27 4 0
vaultdb/internal/index/manager.go:225.27,227.3 1 0
vaultdb/internal/index/manager.go:229.2,229.27 1 0
vaultdb/internal/index/manager.go:229.27,230.39 1 0
vaultdb/internal/index/manager.go:230.39,232.4 1 0
vaultdb/internal/index/manager.go:235.2,235.19 1 0
vaultdb/internal/index/manager.go:239.80,244.27 4 0
vaultdb/internal/index/manager.go:244.27,246.3 1 0
vaultdb/internal/index/manager.go:248.2,248.27 1 0
vaultdb/internal/index/manager.go:248.27,249.37 1 0
vaultdb/internal/index/manager.go:249.37,251.4 1 0
vaultdb/internal/index/manager.go:254.2,254.19 1 0
vaultdb/internal/index/manager.go:258.76,263.27 4 0
vaultdb/internal/index/manager.go:263.27,265.3 1 0
vaultdb/internal/index/manager.go:267.2,267.27 1 0
vaultdb/internal/index/manager.go:267.27,268.37 1 0
vaultdb/internal/index/manager.go:268.37,270.4 1 0
vaultdb/internal/index/manager.go:273.2,273.19 1 0
vaultdb/internal/lexer/lexer.go:217.31,222.2 4 1
vaultdb/internal/lexer/lexer.go:224.37,227.36 3 1
vaultdb/internal/lexer/lexer.go:227.36,229.25 2 1
vaultdb/internal/lexer/lexer.go:229.25,232.4 2 0
vaultdb/internal/lexer/lexer.go:232.9,234.4 1 1
vaultdb/internal/lexer/lexer.go:236.2,236.51 1 1
vaultdb/internal/lexer/lexer.go:239.35,244.14 4 1
vaultdb/internal/lexer/lexer.go:245.9,246.41 1 1
vaultdb/internal/lexer/lexer.go:247.11,249.15 2 1
vaultdb/internal/lexer/lexer.go:250.11,251.26 1 0
vaultdb/internal/lexer/lexer.go:251.26,256.4 4 0
vaultdb/internal/lexer/lexer.go:256.9,259.4 2 0
vaultdb/internal/lexer/lexer.go:260.11,261.26 1 0
vaultdb/internal/lexer/lexer.go:261.26,266.4 4 0
vaultdb/internal/lexer/lexer.go:266.9,266.33 1 0
vaultdb/internal/lexer/lexer.go:266.33,271.4 4 0
vaultdb/internal/lexer/lexer.go:271.9,274.4 2 0
vaultdb/internal/lexer/lexer.go:275.11,276.26 1 0
vaultdb/internal/lexer/lexer.go:276.26,281.4 4 0
vaultdb/internal/lexer/lexer.go:281.9,284.4 2 0
vaultdb/internal/lexer/lexer.go:285.11,287.15 2 1
vaultdb/internal/lexer/lexer.go:288.11,290.15 2 0
vaultdb/internal/lexer/lexer.go:291.11,293.15 2 0
vaultdb/internal/lexer/lexer.go:294.11,295.26 1 1
vaultdb/internal/lexer/lexer.go:295.26,300.4 4 1
vaultdb/internal/lexer/lexer.go:300.9,303.4 2 0
vaultdb/internal/lexer/lexer.go:304.11,305.26 1 0
vaultdb/internal/lexer/lexer.go:305.26,310.4 4 0
vaultdb/internal/lexer/lexer.go:310.9,310.33 1 0
vaultdb/internal/lexer/lexer.go:310.33,315.4 4 0
vaultdb/internal/lexer/lexer.go:315.9,318.4 2 0
vaultdb/internal/lexer/lexer.go:319.11,321.15 2 1
vaultdb/internal/lexer/lexer.go:322.11,324.15 2 1
vaultdb/internal/lexer/lexer.go:325.11,327.15 2 0
vaultdb/internal/lexer/lexer.go:328.11,330.15 2 1
vaultdb/internal/lexer/lexer.go:331.11,333.15 2 0
vaultdb/internal/lexer/lexer.go:334.11,336.15 2 0
vaultdb/internal/lexer/lexer.go:337.11,340.21 3 0
vaultdb/internal/lexer/lexer.go:340.21,342.4 1 0
vaultdb/internal/lexer/lexer.go:343.3,343.29 1 0
vaultdb/internal/lexer/lexer.go:343.29,345.4 1 0
vaultdb/internal/lexer/lexer.go:345.9,347.4 1 0
vaultdb/internal/lexer/lexer.go:348.3,348.13 1 0
vaultdb/internal/lexer/lexer.go:349.11,350.28 1 1
vaultdb/internal/lexer/lexer.go:350.28,352.15 2 1
vaultdb/internal/lexer/lexer.go:352.15,354.5 1 0
vaultdb/internal/lexer/lexer.go:354.10,356.5 1 1
vaultdb/internal/lexer/lexer.go:357.4,357.14 1 1
vaultdb/internal/lexer/lexer.go:359.3,359.26 1 0
vaultdb/internal/lexer/lexer.go:359.26,361.27 2 0
vaultdb/internal/lexer/lexer.go:361.27,364.5 2 0
vaultdb/internal/lexer/lexer.go:364.10,366.5 1 0
vaultdb/internal/lexer/lexer.go:367.4,368.14 2 0
vaultdb/internal/lexer/lexer.go:370.3,372.13 3 0
vaultdb/internal/lexer/lexer.go:373.12,375.10 2 1
vaultdb/internal/lexer/lexer.go:375.10,377.4 1 0
vaultdb/internal/lexer/lexer.go:377.9,379.4 1 1
vaultdb/internal/lexer/lexer.go:380.10,381.21 1 1
vaultdb/internal/lexer/lexer.go:381.21,385.4 3 1
vaultdb/internal/lexer/lexer.go:386.3,386.20 1 1
vaultdb/internal/lexer/lexer.go:386.20,388.15 2 1
vaultdb/internal/lexer/lexer.go:388.15,390.5 1 0
vaultdb/internal/lexer/lexer.go:391.4,391.48 1 1
vaultdb/internal/lexer/lexer.go:393.3,394.15 2 0
vaultdb/internal/lexer/lexer.go:397.2,397.12 1 1
vaultdb/internal/lexer/lexer.go:400.28,401.36 1 1
vaultdb/internal/lexer/lexer.go:401.36,403.3 1 1
vaultdb/internal/lexer/lexer.go:403.8,405.3 1 1
vaultdb/internal/lexer/lexer.go:406.2,407.18 2 1
vaultdb/internal/lexer/lexer.go:410.33,411.36 1 1
vaultdb/internal/lexer/lexer.go:411.36,413.3 1 0
vaultdb/internal/lexer/lexer.go:414.2,414.32 1 1
vaultdb/internal/lexer/lexer.go:417.34,418.28 1 1
vaultdb/internal/lexer/lexer.go:418.28,420.3 1 1
vaultdb/internal/lexer/lexer.go:423.41,425.38 2 1
vaultdb/internal/lexer/lexer.go:425.38,427.3 1 1
vaultdb/internal/lexer/lexer.go:428.2,428.42 1 1
vaultdb/internal/lexer/lexer.go:431.45,433.17 2 1
vaultdb/internal/lexer/lexer.go:433.17,435.3 1 1
vaultdb/internal/lexer/lexer.go:437.2,438.48 2 1
vaultdb/internal/lexer/lexer.go:438.48,439.18 1 1
vaultdb/internal/lexer/lexer.go:439.18,441.4 1 0
vaultdb/internal/lexer/lexer.go:442.3,442.15 1 1
vaultdb/internal/lexer/lexer.go:445.2,445.50 1 1
vaultdb/internal/lexer/lexer.go:448.45,453.32 3 1
vaultdb/internal/lexer/lexer.go:453.32,454.19 1 1
vaultdb/internal/lexer/lexer.go:454.19,456.16 2 1
vaultdb/internal/lexer/lexer.go:457.35,459.17 2 1
vaultdb/internal/lexer/lexer.go:460.14,461.23 1 0
vaultdb/internal/lexer/lexer.go:462.14,463.23 1 0
vaultdb/internal/lexer/lexer.go:464.14,465.23 1 0
vaultdb/internal/lexer/lexer.go:466.13,467.23 1 1
vaultdb/internal/lexer/lexer.go:469.5,470.13 2 1
vaultdb/internal/lexer/lexer.go:473.3,474.15 2 1
vaultdb/internal/lexer/lexer.go:477.2,477.18 1 1
vaultdb/internal/lexer/lexer.go:477.18,479.3 1 0
vaultdb/internal/lexer/lexer.go:482.2,483.25 2 1
vaultdb/internal/lexer/lexer.go:486.79,487.18 1 1
vaultdb/internal/lexer/lexer.go:487.18,489.3 1 0
vaultdb/internal/lexer/lexer.go:490.2,490.37 1 1
vaultdb/internal/lexer/lexer.go:490.37,492.3 1 0
vaultdb/internal/lexer/lexer.go:493.2,494.73 2 1
vaultdb/internal/lexer/lexer.go:497.29,499.2 1 1
vaultdb/internal/lexer/lexer.go:501.28,503.2 1 1
vaultdb/internal/lexer/lexer.go:652.42,653.53 1 1
vaultdb/internal/lexer/lexer.go:653.53,655.3 1 1
vaultdb/internal/lexer/lexer.go:656.2,656.20 1 1
vaultdb/internal/lexer/lexer.go:825.36,826.53 1 0
vaultdb/internal/lexer/lexer.go:826.53,828.3 1 0
vaultdb/internal/lexer/lexer.go:829.2,829.45 1 0
vaultdb/internal/logging/rotation.go:24.83,25.20 1 1
vaultdb/internal/logging/rotation.go:25.20,27.3 1 0
vaultdb/internal/logging/rotation.go:28.2,28.21 1 1
vaultdb/internal/logging/rotation.go:28.21,30.3 1 0
vaultdb/internal/logging/rotation.go:32.2,33.16 2 1
vaultdb/internal/logging/rotation.go:33.16,35.3 1 0
vaultdb/internal/logging/rotation.go:37.2,38.16 2 1
vaultdb/internal/logging/rotation.go:38.16,41.3 2 0
vaultdb/internal/logging/rotation.go:42.2,50.8 2 1
vaultdb/internal/logging/rotation.go:54.54,59.45 3 1
vaultdb/internal/logging/rotation.go:59.45,60.36 1 1
vaultdb/internal/logging/rotation.go:60.36,62.4 1 0
vaultdb/internal/logging/rotation.go:65.2,67.15 3 1
vaultdb/internal/logging/rotation.go:71.34,73.39 1 1
vaultdb/internal/logging/rotation.go:73.39,75.3 1 0
vaultdb/internal/logging/rotation.go:78.2,82.58 3 1
vaultdb/internal/logging/rotation.go:82.58,84.3 1 0
vaultdb/internal/logging/rotation.go:87.2,88.16 2 1
vaultdb/internal/logging/rotation.go:88.16,90.3 1 0
vaultdb/internal/logging/rotation.go:92.2,95.12 3 1
vaultdb/internal/logging/rotation.go:99.40,104.16 4 1
vaultdb/internal/logging/rotation.go:104.16,106.3 1 0
vaultdb/internal/logging/rotation.go:108.2,109.32 2 1
vaultdb/internal/logging/rotation.go:109.32,110.90 1 1
vaultdb/internal/logging/rotation.go:110.90,112.4 1 0
vaultdb/internal/logging/rotation.go:116.2,116.34 1 1
vaultdb/internal/logging/rotation.go:116.34,119.33 2 0
vaultdb/internal/logging/rotation.go:119.33,120.18 1 0
vaultdb/internal/logging/rotation.go:120.18,122.5 1 0
vaultdb/internal/logging/rotation.go:124.3,127.29 2 0
vaultdb/internal/logging/rotation.go:127.29,128.19 1 0
vaultdb/internal/logging/rotation.go:128.19,130.10 2 0
vaultdb/internal/logging/rotation.go:137.33,141.19 3 1
vaultdb/internal/logging/rotation.go:141.19,143.3 1 1
vaultdb/internal/logging/rotation.go:144.2,144.12 1 0
vaultdb/internal/logging/rotation.go:148.32,152.19 3 1
vaultdb/internal/logging/rotation.go:152.19,154.3 1 1
vaultdb/internal/logging/rotation.go:155.2,155.12 1 0
vaultdb/internal/logging/rotation.go:159.38,161.2 1 0
vaultdb/internal/logging/rotation.go:168.52,170.2 1 0
vaultdb/internal/logging/rotation.go:181.74,182.34 1 0
vaultdb/internal/logging/rotation.go:182.34,184.3 1 0
vaultdb/internal/logging/rotation.go:185.2,194.16 3 0
vaultdb/internal/logging/rotation.go:194.16,196.3 1 0
vaultdb/internal/logging/rotation.go:197.2,200.23 4 0
vaultdb/internal/metrics/collector.go:39.44,40.19 1 1
vaultdb/internal/metrics/collector.go:41.33,42.21 1 1
vaultdb/internal/metrics/collector.go:43.16,44.21 1 1
vaultdb/internal/metrics/collector.go:45.16,46.21 1 0
vaultdb/internal/metrics/collector.go:47.16,48.21 1 0
vaultdb/internal/metrics/collector.go:49.17,50.22 1 0
vaultdb/internal/metrics/collector.go:51.37,52.26 1 1
vaultdb/internal/metrics/collector.go:55.36,56.18 1 1
vaultdb/internal/metrics/collector.go:57.10,58.20 1 1
vaultdb/internal/metrics/collector.go:109.23,119.2 2 1
vaultdb/internal/metrics/collector.go:125.83,128.23 2 1
vaultdb/internal/metrics/collector.go:128.23,130.3 1 1
vaultdb/internal/metrics/collector.go:130.8,132.3 1 1
vaultdb/internal/metrics/collector.go:135.2,135.20 1 1
vaultdb/internal/metrics/collector.go:135.20,144.36 7 1
vaultdb/internal/metrics/collector.go:144.36,146.4 1 1
vaultdb/internal/metrics/collector.go:147.3,150.39 2 1
vaultdb/internal/metrics/collector.go:150.39,151.21 1 1
vaultdb/internal/metrics/collector.go:151.21,154.5 2 1
vaultdb/internal/metrics/collector.go:157.3,157.42 1 0
vaultdb/internal/metrics/collector.go:161.38,161.62 1 0
vaultdb/internal/metrics/collector.go:162.38,162.63 1 0
vaultdb/internal/metrics/collector.go:163.38,163.61 1 0
vaultdb/internal/metrics/collector.go:164.38,164.65 1 0
vaultdb/internal/metrics/collector.go:165.38,165.60 1 0
vaultdb/internal/metrics/collector.go:166.38,166.62 1 0
vaultdb/internal/metrics/collector.go:168.43,174.2 5 1
vaultdb/internal/metrics/collector.go:178.70,181.30 3 1
vaultdb/internal/metrics/collector.go:181.30,183.3 1 1
vaultdb/internal/metrics/collector.go:184.2,184.34 1 1
vaultdb/internal/metrics/collector.go:189.84,192.40 3 0
vaultdb/internal/metrics/collector.go:192.40,194.29 2 0
vaultdb/internal/metrics/collector.go:194.29,195.39 1 0
vaultdb/internal/metrics/collector.go:195.39,197.5 1 0
vaultdb/internal/metrics/collector.go:199.3,199.23 1 0
vaultdb/internal/metrics/collector.go:199.23,201.4 1 0
vaultdb/internal/metrics/collector.go:207.66,210.12 3 1
vaultdb/internal/metrics/collector.go:210.12,213.3 2 1
vaultdb/internal/metrics/collector.go:214.2,215.25 2 1
vaultdb/internal/metrics/collector.go:215.25,217.3 1 1
vaultdb/internal/metrics/collector.go:218.2,220.42 2 1
vaultdb/internal/metrics/collector.go:220.42,220.76 1 1
vaultdb/internal/metrics/collector.go:222.2,222.40 1 1
vaultdb/internal/metrics/collector.go:222.40,225.3 2 1
vaultdb/internal/metrics/collector.go:227.2,227.60 1 1
vaultdb/internal/metrics/collector.go:231.37,240.63 4 1
vaultdb/internal/metrics/collector.go:240.63,247.3 2 1
vaultdb/internal/metrics/collector.go:251.2,255.38 4 1
vaultdb/internal/metrics/collector.go:255.38,260.3 2 1
vaultdb/internal/metrics/collector.go:262.2,272.54 6 1
vaultdb/internal/metrics/collector.go:272.54,278.3 5 1
vaultdb/internal/metrics/collector.go:282.2,322.28 8 1
vaultdb/internal/metrics/collector.go:322.28,328.33 4 1
vaultdb/internal/metrics/collector.go:328.33,330.4 1 1
vaultdb/internal/metrics/collector.go:331.3,336.26 4 1
vaultdb/internal/metrics/collector.go:336.26,338.37 2 1
vaultdb/internal/metrics/collector.go:338.37,340.5 1 1
vaultdb/internal/metrics/collector.go:341.4,342.29 2 1
vaultdb/internal/metrics/collector.go:342.29,343.45 1 1
vaultdb/internal/metrics/collector.go:343.45,345.11 2 1
vaultdb/internal/metrics/collector.go:347.5,350.19 2 1
vaultdb/internal/metrics/collector.go:352.4,352.16 1 1
vaultdb/internal/metrics/collector.go:352.16,353.10 1 1
vaultdb/internal/metrics/collector.go:357.3,357.15 1 1
vaultdb/internal/metrics/collector.go:357.15,359.4 1 1
vaultdb/internal/metrics/collector.go:362.2,362.19 1 1
vaultdb/internal/parser/ast.go:137.48,137.49 0 0
vaultdb/internal/parser/ast.go:138.47,138.65 1 0
vaultdb/internal/parser/ast.go:145.51,145.52 0 0
vaultdb/internal/parser/ast.go:146.50,146.71 1 0
vaultdb/internal/parser/ast.go:153.52,153.53 0 0
vaultdb/internal/parser/ast.go:154.51,154.73 1 0
vaultdb/internal/parser/ast.go:161.62,161.63 0 0
vaultdb/internal/parser/ast.go:162.61,162.95 1 0
vaultdb/internal/parser/ast.go:169.59,169.60 0 0
vaultdb/internal/parser/ast.go:170.58,170.88 1 0
vaultdb/internal/parser/ast.go:209.48,209.49 0 0
vaultdb/internal/parser/ast.go:210.48,210.49 0 0
vaultdb/internal/parser/ast.go:211.48,211.49 0 0
vaultdb/internal/parser/ast.go:212.48,212.49 0 0
vaultdb/internal/parser/ast.go:213.48,213.49 0 0
vaultdb/internal/parser/ast.go:380.51,380.52 0 0
vaultdb/internal/parser/ast.go:381.51,381.52 0 0
vaultdb/internal/parser/ast.go:382.51,382.52 0 0
vaultdb/internal/parser/ast.go:383.51,383.52 0 0
vaultdb/internal/parser/ast.go:384.51,384.52 0 0
vaultdb/internal/parser/ast.go:385.51,385.52 0 0
vaultdb/internal/parser/ast.go:386.51,386.52 0 0
vaultdb/internal/parser/ast.go:387.51,387.52 0 0
vaultdb/internal/parser/ast.go:388.51,388.52 0 0
vaultdb/internal/parser/ast.go:389.51,389.52 0 0
vaultdb/internal/parser/ast.go:390.51,390.52 0 0
vaultdb/internal/parser/ast.go:391.51,391.52 0 0
vaultdb/internal/parser/ast.go:392.51,392.52 0 0
vaultdb/internal/parser/ast.go:393.51,393.52 0 0
vaultdb/internal/parser/ast.go:394.51,394.52 0 0
vaultdb/internal/parser/ast.go:395.51,395.52 0 0
vaultdb/internal/parser/ast.go:396.51,396.52 0 0
vaultdb/internal/parser/ast.go:397.51,397.52 0 0
vaultdb/internal/parser/ast.go:398.51,398.52 0 0
vaultdb/internal/parser/ast.go:399.51,399.52 0 0
vaultdb/internal/parser/ast.go:400.51,400.52 0 0
vaultdb/internal/parser/ast.go:401.51,401.52 0 0
vaultdb/internal/parser/ast.go:402.51,402.52 0 0
vaultdb/internal/parser/ast.go:403.51,403.52 0 0
vaultdb/internal/parser/ast.go:404.51,404.52 0 0
vaultdb/internal/parser/ast.go:405.51,405.52 0 0
vaultdb/internal/parser/ast.go:406.51,406.52 0 0
vaultdb/internal/parser/ast.go:407.51,407.52 0 0
vaultdb/internal/parser/ast.go:408.51,408.52 0 0
vaultdb/internal/parser/ast.go:409.51,409.52 0 0
vaultdb/internal/parser/ast.go:410.51,410.52 0 0
vaultdb/internal/parser/ast.go:411.51,411.52 0 0
vaultdb/internal/parser/ast.go:412.51,412.52 0 0
vaultdb/internal/parser/ast.go:413.51,413.52 0 0
vaultdb/internal/parser/ast.go:414.51,414.52 0 0
vaultdb/internal/parser/ast.go:415.51,415.52 0 0
vaultdb/internal/parser/ast.go:416.51,416.52 0 0
vaultdb/internal/parser/ast.go:417.51,417.52 0 0
vaultdb/internal/parser/ast.go:418.51,418.52 0 0
vaultdb/internal/parser/ast.go:420.56,420.84 1 0
vaultdb/internal/parser/ast.go:422.57,422.83 1 0
vaultdb/internal/parser/ast.go:423.57,423.82 1 0
vaultdb/internal/parser/ast.go:424.57,424.84 1 0
vaultdb/internal/parser/ast.go:425.57,425.81 1 0
vaultdb/internal/parser/ast.go:426.57,426.84 1 0
vaultdb/internal/parser/ast.go:427.57,427.82 1 0
vaultdb/internal/parser/ast.go:428.57,428.80 1 0
vaultdb/internal/parser/ast.go:429.57,429.81 1 0
vaultdb/internal/parser/ast.go:430.57,430.76 1 1
vaultdb/internal/parser/ast.go:431.57,431.77 1 0
vaultdb/internal/parser/ast.go:432.57,432.77 1 0
vaultdb/internal/parser/ast.go:433.57,433.76 1 0
vaultdb/internal/parser/ast.go:434.57,434.76 1 0
vaultdb/internal/parser/ast.go:435.57,435.76 1 0
vaultdb/internal/parser/ast.go:436.57,436.76 1 0
vaultdb/internal/parser/ast.go:437.57,437.82 1 0
vaultdb/internal/parser/ast.go:438.57,438.80 1 0
vaultdb/internal/parser/ast.go:439.57,439.82 1 0
vaultdb/internal/parser/ast.go:440.57,440.75 1 0
vaultdb/internal/parser/ast.go:441.57,441.76 1 0
vaultdb/internal/parser/ast.go:442.57,442.78 1 0
vaultdb/internal/parser/ast.go:443.57,443.77 1 0
vaultdb/internal/parser/ast.go:444.57,444.77 1 0
vaultdb/internal/parser/ast.go:445.57,445.80 1 0
vaultdb/internal/parser/ast.go:446.57,446.83 1 0
vaultdb/internal/parser/ast.go:447.57,447.79 1 0
vaultdb/internal/parser/ast.go:448.57,448.83 1 0
vaultdb/internal/parser/ast.go:449.57,449.80 1 0
vaultdb/internal/parser/ast.go:450.57,450.73 1 0
vaultdb/internal/parser/ast.go:451.57,451.81 1 0
vaultdb/internal/parser/ast.go:452.57,452.79 1 0
vaultdb/internal/parser/ast.go:453.57,453.84 1 0
vaultdb/internal/parser/ast.go:454.57,454.82 1 0
vaultdb/internal/parser/ast.go:455.57,455.85 1 0
vaultdb/internal/parser/ast.go:456.57,456.83 1 0
vaultdb/internal/parser/ast.go:457.57,457.86 1 0
vaultdb/internal/parser/ast.go:458.57,458.84 1 0
vaultdb/internal/parser/ast.go:459.57,459.84 1 0
vaultdb/internal/parser/ast.go:590.50,590.51 0 0
vaultdb/internal/parser/ast.go:591.50,591.51 0 0
vaultdb/internal/parser/ast.go:592.50,592.51 0 0
vaultdb/internal/parser/ast.go:593.50,593.51 0 0
vaultdb/internal/parser/ast.go:594.50,594.51 0 0
vaultdb/internal/parser/ast.go:595.50,595.51 0 0
vaultdb/internal/parser/ast.go:596.50,596.51 0 0
vaultdb/internal/parser/ast.go:598.41,598.42 0 0
vaultdb/internal/parser/ast.go:599.41,599.42 0 0
vaultdb/internal/parser/ast.go:600.41,600.42 0 0
vaultdb/internal/parser/ast.go:601.41,601.42 0 0
vaultdb/internal/parser/ast.go:602.41,602.42 0 0
vaultdb/internal/parser/ast.go:603.41,603.42 0 0
vaultdb/internal/parser/ast.go:604.41,604.42 0 0
vaultdb/internal/parser/ast.go:605.41,605.42 0 0
vaultdb/internal/parser/ast.go:606.41,606.42 0 0
vaultdb/internal/parser/ast.go:607.41,607.42 0 0
vaultdb/internal/parser/ast.go:608.41,608.42 0 0
vaultdb/internal/parser/parse_ddl.go:11.60,15.16 4 0
vaultdb/internal/parser/parse_ddl.go:15.16,17.3 1 0
vaultdb/internal/parser/parse_ddl.go:18.2,18.56 1 0
vaultdb/internal/parser/parse_ddl.go:18.56,20.3 1 0
vaultdb/internal/parser/parse_ddl.go:21.2,22.16 2 0
vaultdb/internal/parser/parse_ddl.go:22.16,24.3 1 0
vaultdb/internal/parser/parse_ddl.go:25.2,25.58 1 0
vaultdb/internal/parser/parse_ddl.go:25.58,27.3 1 0
vaultdb/internal/parser/parse_ddl.go:28.2,29.56 2 0
vaultdb/internal/parser/parse_ddl.go:29.56,31.3 1 0
vaultdb/internal/parser/parse_ddl.go:32.2,33.16 2 0
vaultdb/internal/parser/parse_ddl.go:33.16,35.3 1 0
vaultdb/internal/parser/parse_ddl.go:36.2,36.62 1 0
vaultdb/internal/parser/parse_ddl.go:36.62,38.3 1 0
vaultdb/internal/parser/parse_ddl.go:39.2,39.61 1 0
vaultdb/internal/parser/parse_ddl.go:39.61,41.3 1 0
vaultdb/internal/parser/parse_ddl.go:42.2,43.16 2 0
vaultdb/internal/parser/parse_ddl.go:43.16,45.3 1 0
vaultdb/internal/parser/parse_ddl.go:46.2,46.61 1 0
vaultdb/internal/parser/parse_ddl.go:46.61,48.3 1 0
vaultdb/internal/parser/parse_ddl.go:49.2,49.98 1 0
vaultdb/internal/parser/parse_ddl.go:52.57,54.58 2 0
vaultdb/internal/parser/parse_ddl.go:54.58,56.3 1 0
vaultdb/internal/parser/parse_ddl.go:57.2,57.56 1 0
vaultdb/internal/parser/parse_ddl.go:57.56,59.3 1 0
vaultdb/internal/parser/parse_ddl.go:60.2,61.16 2 0
vaultdb/internal/parser/parse_ddl.go:61.16,63.3 1 0
vaultdb/internal/parser/parse_ddl.go:64.2,64.55 1 0
vaultdb/internal/parser/parse_ddl.go:67.66,69.47 2 0
vaultdb/internal/parser/parse_ddl.go:69.47,71.3 1 0
vaultdb/internal/parser/parse_ddl.go:73.2,74.16 2 0
vaultdb/internal/parser/parse_ddl.go:74.16,76.3 1 0
vaultdb/internal/parser/parse_ddl.go:78.2,79.62 2 0
vaultdb/internal/parser/parse_ddl.go:79.62,82.41 3 0
vaultdb/internal/parser/parse_ddl.go:82.41,84.4 1 0
vaultdb/internal/parser/parse_ddl.go:85.3,87.62 3 0
vaultdb/internal/parser/parse_ddl.go:87.62,89.4 1 0
vaultdb/internal/parser/parse_ddl.go:92.2,92.63 1 0
vaultdb/internal/parser/parse_ddl.go:95.55,99.45 3 1
vaultdb/internal/parser/parse_ddl.go:99.45,102.3 2 1
vaultdb/internal/parser/parse_ddl.go:104.2,105.16 2 1
vaultdb/internal/parser/parse_ddl.go:105.16,107.3 1 0
vaultdb/internal/parser/parse_ddl.go:109.2,110.9 2 1
vaultdb/internal/parser/parse_ddl.go:110.9,112.3 1 0
vaultdb/internal/parser/parse_ddl.go:114.2,117.8 1 1
vaultdb/internal/parser/parse_ddl.go:120.54,124.45 3 1
vaultdb/internal/parser/parse_ddl.go:124.45,127.3 2 1
vaultdb/internal/parser/parse_ddl.go:129.2,130.43 2 1
vaultdb/internal/parser/parse_ddl.go:130.43,132.17 2 1
vaultdb/internal/parser/parse_ddl.go:132.17,134.4 1 0
vaultdb/internal/parser/parse_ddl.go:135.3,135.19 1 1
vaultdb/internal/parser/parse_ddl.go:138.2,141.8 1 1
vaultdb/internal/parser/parse_ddl.go:144.53,147.2 2 1
vaultdb/internal/parser/parse_ddl.go:149.54,152.2 2 1
vaultdb/internal/parser/parse_ddl.go:154.56,157.2 2 0
vaultdb/internal/parser/parse_ddl.go:159.55,163.16 3 1
vaultdb/internal/parser/parse_ddl.go:163.16,165.3 1 0
vaultdb/internal/parser/parse_ddl.go:167.2,167.56 1 1
vaultdb/internal/parser/parse_ddl.go:167.56,169.3 1 0
vaultdb/internal/parser/parse_ddl.go:171.2,172.16 2 1
vaultdb/internal/parser/parse_ddl.go:172.16,174.3 1 0
vaultdb/internal/parser/parse_ddl.go:176.2,179.8 1 1
vaultdb/internal/parser/parse_ddl.go:182.55,186.16 3 1
vaultdb/internal/parser/parse_ddl.go:186.16,188.3 1 0
vaultdb/internal/parser/parse_ddl.go:190.2,191.44 2 1
vaultdb/internal/parser/parse_ddl.go:191.44,193.45 2 0
vaultdb/internal/parser/parse_ddl.go:193.45,194.8 1 0
vaultdb/internal/parser/parse_ddl.go:194.8,196.19 2 0
vaultdb/internal/parser/parse_ddl.go:196.19,198.6 1 0
vaultdb/internal/parser/parse_ddl.go:199.5,200.46 2 0
vaultdb/internal/parser/parse_ddl.go:200.46,202.14 2 0
vaultdb/internal/parser/parse_ddl.go:204.5,204.10 1 0
vaultdb/internal/parser/parse_ddl.go:207.3,207.62 1 0
vaultdb/internal/parser/parse_ddl.go:207.62,209.4 1 0
vaultdb/internal/parser/parse_ddl.go:212.2,215.8 1 1
vaultdb/internal/parser/parse_ddl.go:218.58,221.16 3 1
vaultdb/internal/parser/parse_ddl.go:221.16,223.3 1 0
vaultdb/internal/parser/parse_ddl.go:224.2,224.46 1 1
vaultdb/internal/parser/parse_ddl.go:227.52,230.16 3 0
vaultdb/internal/parser/parse_ddl.go:230.16,232.3 1 0
vaultdb/internal/parser/parse_ddl.go:233.2,233.61 1 0
vaultdb/internal/parser/parse_ddl.go:233.61,235.3 1 0
vaultdb/internal/parser/parse_ddl.go:236.2,237.44 2 0
vaultdb/internal/parser/parse_ddl.go:237.44,239.17 2 0
vaultdb/internal/parser/parse_ddl.go:239.17,241.4 1 0
vaultdb/internal/parser/parse_ddl.go:242.3,243.45 2 0
vaultdb/internal/parser/parse_ddl.go:243.45,246.18 3 0
vaultdb/internal/parser/parse_ddl.go:246.18,248.5 1 0
vaultdb/internal/parser/parse_ddl.go:249.4,249.33 1 0
vaultdb/internal/parser/parse_ddl.go:252.2,252.61 1 0
vaultdb/internal/parser/parse_ddl.go:252.61,254.3 1 0
vaultdb/internal/parser/parse_ddl.go:255.2,255.65 1 0
vaultdb/internal/parser/parse_ddl.go:258.55,262.16 3 1
vaultdb/internal/parser/parse_ddl.go:262.16,264.3 1 0
vaultdb/internal/parser/parse_ddl.go:265.2,265.58 1 1
vaultdb/internal/parser/parse_ddl.go:265.58,267.3 1 0
vaultdb/internal/parser/parse_ddl.go:269.2,270.16 2 1
vaultdb/internal/parser/parse_ddl.go:270.16,272.3 1 0
vaultdb/internal/parser/parse_ddl.go:274.2,277.8 1 1
vaultdb/internal/parser/parse_ddl.go:280.52,283.26 2 1
vaultdb/internal/parser/parse_ddl.go:284.29,286.40 2 1
vaultdb/internal/parser/parse_ddl.go:287.26,290.43 3 1
vaultdb/internal/parser/parse_ddl.go:290.43,293.18 3 1
vaultdb/internal/parser/parse_ddl.go:293.18,295.5 1 0
vaultdb/internal/parser/parse_ddl.go:296.4,296.30 1 1
vaultdb/internal/parser/parse_ddl.go:298.3,298.19 1 1
vaultdb/internal/parser/parse_ddl.go:299.27,301.57 2 0
vaultdb/internal/parser/parse_ddl.go:301.57,303.4 1 0
vaultdb/internal/parser/parse_ddl.go:304.3,305.17 2 0
vaultdb/internal/parser/parse_ddl.go:305.17,307.4 1 0
vaultdb/internal/parser/parse_ddl.go:308.3,308.58 1 0
vaultdb/internal/parser/parse_ddl.go:309.10,310.75 1 0
vaultdb/internal/parser/parse_ddl.go:314.56,318.16 3 1
vaultdb/internal/parser/parse_ddl.go:318.16,320.3 1 0
vaultdb/internal/parser/parse_ddl.go:322.2,323.42 2 1
vaultdb/internal/parser/parse_ddl.go:323.42,326.17 3 1
vaultdb/internal/parser/parse_ddl.go:326.17,328.4 1 0
vaultdb/internal/parser/parse_ddl.go:329.3,329.29 1 1
vaultdb/internal/parser/parse_ddl.go:331.2,331.18 1 1
vaultdb/internal/parser/parse_ddl.go:334.54,337.40 3 1
vaultdb/internal/parser/parse_ddl.go:337.40,339.97 2 0
vaultdb/internal/parser/parse_ddl.go:339.97,342.4 2 0
vaultdb/internal/parser/parse_ddl.go:344.2,344.26 1 1
vaultdb/internal/parser/parse_ddl.go:345.28,346.33 1 1
vaultdb/internal/parser/parse_ddl.go:347.25,348.30 1 1
vaultdb/internal/parser/parse_ddl.go:349.24,350.38 1 1
vaultdb/internal/parser/parse_ddl.go:351.27,352.32 1 1
vaultdb/internal/parser/parse_ddl.go:353.28,354.33 1 1
vaultdb/internal/parser/parse_ddl.go:355.29,356.34 1 0
vaultdb/internal/parser/parse_ddl.go:357.25,358.30 1 1
vaultdb/internal/parser/parse_ddl.go:359.10,360.77 1 0
vaultdb/internal/parser/parse_ddl.go:364.62,367.16 3 1
vaultdb/internal/parser/parse_ddl.go:367.16,369.3 1 0
vaultdb/internal/parser/parse_ddl.go:370.2,370.61 1 1
vaultdb/internal/parser/parse_ddl.go:370.61,372.3 1 0
vaultdb/internal/parser/parse_ddl.go:373.2,374.44 2 1
vaultdb/internal/parser/parse_ddl.go:374.44,376.17 2 1
vaultdb/internal/parser/parse_ddl.go:376.17,378.4 1 0
vaultdb/internal/parser/parse_ddl.go:379.3,380.45 2 1
vaultdb/internal/parser/parse_ddl.go:380.45,383.18 3 1
vaultdb/internal/parser/parse_ddl.go:383.18,385.5 1 0
vaultdb/internal/parser/parse_ddl.go:386.4,386.34 1 1
vaultdb/internal/parser/parse_ddl.go:389.2,389.61 1 1
vaultdb/internal/parser/parse_ddl.go:389.61,391.3 1 0
vaultdb/internal/parser/parse_ddl.go:392.2,393.45 2 1
vaultdb/internal/parser/parse_ddl.go:393.45,398.3 4 1
vaultdb/internal/parser/parse_ddl.go:399.2,399.56 1 1
vaultdb/internal/parser/parse_ddl.go:399.56,401.3 1 0
vaultdb/internal/parser/parse_ddl.go:402.2,403.48 2 1
vaultdb/internal/parser/parse_ddl.go:403.48,406.3 2 1
vaultdb/internal/parser/parse_ddl.go:406.8,407.62 1 0
vaultdb/internal/parser/parse_ddl.go:407.62,409.4 1 0
vaultdb/internal/parser/parse_ddl.go:410.3,410.85 1 0
vaultdb/internal/parser/parse_ddl.go:410.85,413.4 2 0
vaultdb/internal/parser/parse_ddl.go:414.3,414.45 1 0
vaultdb/internal/parser/parse_ddl.go:414.45,416.4 1 0
vaultdb/internal/parser/parse_ddl.go:417.3,417.33 1 0
vaultdb/internal/parser/parse_ddl.go:419.2,420.97 2 1
vaultdb/internal/parser/parse_ddl.go:420.97,424.3 3 1
vaultdb/internal/parser/parse_ddl.go:425.2,425.122 1 1
vaultdb/internal/parser/parse_ddl.go:428.63,431.16 3 0
vaultdb/internal/parser/parse_ddl.go:431.16,433.3 1 0
vaultdb/internal/parser/parse_ddl.go:434.2,434.61 1 0
vaultdb/internal/parser/parse_ddl.go:434.61,436.3 1 0
vaultdb/internal/parser/parse_ddl.go:437.2,438.44 2 0
vaultdb/internal/parser/parse_ddl.go:438.44,440.17 2 0
vaultdb/internal/parser/parse_ddl.go:440.17,442.4 1 0
vaultdb/internal/parser/parse_ddl.go:443.3,444.45 2 0
vaultdb/internal/parser/parse_ddl.go:444.45,447.18 3 0
vaultdb/internal/parser/parse_ddl.go:447.18,449.5 1 0
vaultdb/internal/parser/parse_ddl.go:450.4,450.34 1 0
vaultdb/internal/parser/parse_ddl.go:453.2,453.61 1 0
vaultdb/internal/parser/parse_ddl.go:453.61,455.3 1 0
vaultdb/internal/parser/parse_ddl.go:456.2,456.56 1 0
vaultdb/internal/parser/parse_ddl.go:456.56,458.3 1 0
vaultdb/internal/parser/parse_ddl.go:459.2,460.48 2 0
vaultdb/internal/parser/parse_ddl.go:460.48,463.3 2 0
vaultdb/internal/parser/parse_ddl.go:463.8,464.62 1 0
vaultdb/internal/parser/parse_ddl.go:464.62,466.4 1 0
vaultdb/internal/parser/parse_ddl.go:467.3,467.85 1 0
vaultdb/internal/parser/parse_ddl.go:467.85,470.4 2 0
vaultdb/internal/parser/parse_ddl.go:471.3,471.45 1 0
[...]
vaultdb/internal/executor/session.go:81.2,81.20 1 1
vaultdb/internal/executor/session.go:81.20,83.3 1 0
vaultdb/internal/executor/session.go:84.2,84.26 1 1
vaultdb/internal/executor/session.go:84.26,86.3 1 0
vaultdb/internal/executor/session.go:87.2,87.21 1 1
vaultdb/internal/executor/session.go:87.21,89.3 1 0
vaultdb/internal/executor/session.go:90.2,90.30 1 1
vaultdb/internal/executor/session.go:90.30,92.3 1 0
vaultdb/internal/executor/session.go:93.2,93.29 1 1
vaultdb/internal/executor/session.go:93.29,95.3 1 0
vaultdb/internal/executor/session.go:96.2,96.10 1 1
vaultdb/internal/executor/session.go:100.51,101.11 1 0
vaultdb/internal/executor/session.go:101.11,103.3 1 0
vaultdb/internal/executor/session.go:107.62,108.14 1 0
vaultdb/internal/executor/session.go:108.14,110.3 1 0
vaultdb/internal/executor/session.go:114.48,116.2 1 1
vaultdb/internal/executor/session.go:119.38,121.2 1 0
vaultdb/internal/executor/session.go:124.52,126.2 1 0
vaultdb/internal/executor/session.go:129.37,131.2 1 0
vaultdb/internal/executor/session.go:133.33,137.2 3 1
vaultdb/internal/executor/session.go:141.56,145.2 3 1
vaultdb/internal/executor/session.go:147.67,149.2 1 1
vaultdb/internal/executor/session.go:151.44,155.2 3 1
vaultdb/internal/executor/session.go:157.51,161.2 3 1
vaultdb/internal/executor/session.go:164.48,168.2 3 1
vaultdb/internal/executor/session.go:171.41,175.2 3 1
vaultdb/internal/executor/session.go:177.80,182.2 4 1
vaultdb/internal/executor/session.go:184.82,187.105 3 1
vaultdb/internal/executor/session.go:187.105,189.3 1 0
vaultdb/internal/executor/session.go:190.2,191.12 2 1
vaultdb/internal/executor/session.go:194.56,198.2 3 1
vaultdb/internal/executor/session.go:200.58,204.2 3 1
vaultdb/internal/executor/session.go:206.35,210.2 3 1
vaultdb/internal/executor/session.go:213.57,217.2 3 0
vaultdb/internal/executor/session.go:220.51,223.24 3 1
vaultdb/internal/executor/session.go:223.24,225.3 1 0
vaultdb/internal/executor/session.go:226.2,226.29 1 1
vaultdb/internal/executor/session.go:230.27,235.2 4 1
vaultdb/internal/executor/statistics.go:37.79,42.2 1 1
vaultdb/internal/executor/statistics.go:45.89,51.36 4 1
vaultdb/internal/executor/statistics.go:51.36,53.3 1 1
vaultdb/internal/executor/statistics.go:55.2,58.14 3 1
vaultdb/internal/executor/statistics.go:62.74,67.2 4 0
vaultdb/internal/executor/statistics.go:70.88,78.16 3 1
vaultdb/internal/executor/statistics.go:78.16,80.3 1 1
vaultdb/internal/executor/statistics.go:83.2,84.16 2 1
vaultdb/internal/executor/statistics.go:84.16,86.3 1 1
vaultdb/internal/executor/statistics.go:89.2,89.19 1 1
vaultdb/internal/executor/statistics.go:89.19,90.38 1 0
vaultdb/internal/executor/statistics.go:90.38,96.4 1 0
vaultdb/internal/executor/statistics.go:97.3,97.15 1 0
vaultdb/internal/executor/statistics.go:101.2,102.16 2 1
vaultdb/internal/executor/statistics.go:102.16,104.3 1 0
vaultdb/internal/executor/statistics.go:107.2,107.42 1 1
vaultdb/internal/executor/statistics.go:107.42,115.28 4 1
vaultdb/internal/executor/statistics.go:115.28,116.26 1 1
vaultdb/internal/executor/statistics.go:116.26,117.13 1 0
vaultdb/internal/executor/statistics.go:119.4,120.18 2 1
vaultdb/internal/executor/statistics.go:120.18,122.5 1 0
vaultdb/internal/executor/statistics.go:122.10,124.5 1 1
vaultdb/internal/executor/statistics.go:127.3,129.58 3 1
vaultdb/internal/executor/statistics.go:132.2,132.14 1 1
vaultdb/internal/executor/statistics.go:136.109,137.22 1 0
vaultdb/internal/executor/statistics.go:137.22,139.3 1 0
vaultdb/internal/executor/statistics.go:141.2,142.25 2 0
vaultdb/internal/executor/statistics.go:142.25,144.3 1 0
vaultdb/internal/executor/statistics.go:146.2,146.31 1 0
vaultdb/internal/executor/statistics.go:147.26,150.48 2 0
vaultdb/internal/executor/statistics.go:150.48,152.4 1 0
vaultdb/internal/executor/statistics.go:152.9,152.56 1 0
vaultdb/internal/executor/statistics.go:152.56,154.4 1 0
vaultdb/internal/executor/statistics.go:155.3,155.20 1 0
vaultdb/internal/executor/statistics.go:155.20,156.84 1 0
vaultdb/internal/executor/statistics.go:156.84,158.5 1 0
vaultdb/internal/executor/statistics.go:160.3,160.57 1 0
vaultdb/internal/executor/statistics.go:161.23,164.22 3 0
vaultdb/internal/executor/statistics.go:165.22,168.35 3 0
vaultdb/internal/executor/statistics.go:171.2,171.12 1 0
vaultdb/internal/executor/statistics.go:175.149,176.18 1 0
vaultdb/internal/executor/statistics.go:177.11,179.47 1 0
vaultdb/internal/executor/statistics.go:180.18,181.51 1 0
vaultdb/internal/executor/statistics.go:182.28,184.13 1 0
vaultdb/internal/executor/statistics.go:185.14,186.13 1 0
vaultdb/internal/executor/statistics.go:187.10,188.13 1 0
vaultdb/internal/executor/statistics.go:193.107,194.18 1 0
vaultdb/internal/executor/statistics.go:195.11,197.13 1 0
vaultdb/internal/executor/statistics.go:198.18,200.13 1 0
vaultdb/internal/executor/statistics.go:201.28,203.13 1 0
vaultdb/internal/executor/statistics.go:204.14,206.13 1 0
vaultdb/internal/executor/statistics.go:207.10,208.13 1 0
vaultdb/internal/executor/tx_overlay.go:30.13,34.2 2 1
vaultdb/internal/executor/tx_overlay.go:44.105,45.63 1 1
vaultdb/internal/executor/tx_overlay.go:45.63,47.3 1 1
vaultdb/internal/executor/tx_overlay.go:48.2,49.15 2 1
vaultdb/internal/executor/tx_overlay.go:49.15,51.3 1 0
vaultdb/internal/executor/tx_overlay.go:54.2,54.26 1 1
vaultdb/internal/executor/tx_overlay.go:54.26,56.3 1 1
vaultdb/internal/executor/tx_overlay.go:58.2,59.16 2 1
vaultdb/internal/executor/tx_overlay.go:59.16,61.3 1 0
vaultdb/internal/executor/tx_overlay.go:63.2,64.21 2 1
vaultdb/internal/executor/tx_overlay.go:64.21,65.47 1 1
vaultdb/internal/executor/tx_overlay.go:65.47,67.9 2 1
vaultdb/internal/executor/tx_overlay.go:70.2,70.15 1 1
vaultdb/internal/executor/tx_overlay.go:70.15,72.3 1 1
vaultdb/internal/executor/tx_overlay.go:74.2,75.16 2 1
vaultdb/internal/executor/tx_overlay.go:75.16,77.3 1 0
vaultdb/internal/executor/tx_overlay.go:79.2,82.21 3 1
vaultdb/internal/executor/tx_overlay.go:82.21,84.39 2 1
vaultdb/internal/executor/tx_overlay.go:84.39,85.12 1 0
vaultdb/internal/executor/tx_overlay.go:87.3,87.18 1 1
vaultdb/internal/executor/tx_overlay.go:88.17,90.11 2 1
vaultdb/internal/executor/tx_overlay.go:90.11,92.5 1 0
vaultdb/internal/executor/tx_overlay.go:93.4,95.18 3 1
vaultdb/internal/executor/tx_overlay.go:95.18,97.5 1 0
vaultdb/internal/executor/tx_overlay.go:98.4,98.39 1 1
vaultdb/internal/executor/tx_overlay.go:99.17,101.11 2 1
vaultdb/internal/executor/tx_overlay.go:101.11,103.5 1 0
vaultdb/internal/executor/tx_overlay.go:106.4,107.36 2 1
vaultdb/internal/executor/tx_overlay.go:107.36,109.19 2 1
vaultdb/internal/executor/tx_overlay.go:109.19,111.6 1 0
vaultdb/internal/executor/tx_overlay.go:112.5,112.28 1 1
vaultdb/internal/executor/tx_overlay.go:114.4,114.28 1 1
vaultdb/internal/executor/tx_overlay.go:114.28,116.19 2 1
vaultdb/internal/executor/tx_overlay.go:116.19,118.6 1 0
vaultdb/internal/executor/tx_overlay.go:119.5,119.14 1 1
vaultdb/internal/executor/tx_overlay.go:119.14,121.6 1 1
vaultdb/internal/executor/tx_overlay.go:123.17,125.11 2 1
vaultdb/internal/executor/tx_overlay.go:125.11,127.5 1 0
vaultdb/internal/executor/tx_overlay.go:128.4,129.31 2 1
vaultdb/internal/executor/tx_overlay.go:129.31,131.19 2 1
vaultdb/internal/executor/tx_overlay.go:131.19,133.6 1 0
vaultdb/internal/executor/tx_overlay.go:134.5,134.15 1 1
vaultdb/internal/executor/tx_overlay.go:134.15,136.6 1 1
vaultdb/internal/executor/tx_overlay.go:138.4,138.17 1 1
vaultdb/internal/executor/tx_overlay.go:139.19,140.23 1 1
vaultdb/internal/executor/tx_overlay.go:143.2,143.20 1 1
vaultdb/internal/executor/tx_overlay.go:147.116,150.32 3 1
vaultdb/internal/executor/tx_overlay.go:150.32,151.38 1 1
vaultdb/internal/executor/tx_overlay.go:151.38,152.55 1 1
vaultdb/internal/executor/tx_overlay.go:152.55,154.10 2 1
vaultdb/internal/executor/tx_overlay.go:158.2,158.11 1 1
vaultdb/internal/executor/tx_overlay.go:167.91,168.61 1 1
vaultdb/internal/executor/tx_overlay.go:168.61,170.3 1 1
vaultdb/internal/executor/tx_overlay.go:171.2,173.13 3 1
vaultdb/internal/executor/tx_overlay.go:187.51,188.23 1 1
vaultdb/internal/executor/tx_overlay.go:189.11,190.36 1 0
vaultdb/internal/executor/tx_overlay.go:191.11,192.53 1 0
vaultdb/internal/executor/tx_overlay.go:193.13,194.46 1 0
vaultdb/internal/executor/tx_overlay.go:195.15,196.48 1 0
vaultdb/internal/executor/tx_overlay.go:197.12,198.48 1 0
vaultdb/internal/executor/tx_overlay.go:199.14,200.49 1 1
vaultdb/internal/executor/tx_overlay.go:201.10,202.68 1 0
vaultdb/internal/executor/tx_overlay.go:208.96,209.23 1 1
vaultdb/internal/executor/tx_overlay.go:210.28,211.45 1 1
vaultdb/internal/executor/tx_overlay.go:211.45,213.18 2 1
vaultdb/internal/executor/tx_overlay.go:213.18,215.5 1 0
vaultdb/internal/executor/tx_overlay.go:216.4,217.19 2 1
vaultdb/internal/executor/tx_overlay.go:219.3,220.28 2 0
vaultdb/internal/executor/tx_overlay.go:220.28,222.18 2 0
vaultdb/internal/executor/tx_overlay.go:222.18,224.5 1 0
vaultdb/internal/executor/tx_overlay.go:225.4,225.16 1 0
vaultdb/internal/executor/tx_overlay.go:227.3,227.61 1 0
vaultdb/internal/executor/tx_overlay.go:228.26,230.17 2 1
vaultdb/internal/executor/tx_overlay.go:230.17,232.4 1 0
vaultdb/internal/executor/tx_overlay.go:233.3,234.17 2 1
vaultdb/internal/executor/tx_overlay.go:234.17,236.4 1 0
vaultdb/internal/executor/tx_overlay.go:237.3,237.74 1 1
vaultdb/internal/executor/tx_overlay.go:238.23,240.17 2 0
vaultdb/internal/executor/tx_overlay.go:240.17,242.4 1 0
vaultdb/internal/executor/tx_overlay.go:243.3,244.17 2 0
vaultdb/internal/executor/tx_overlay.go:244.17,246.4 1 0
vaultdb/internal/executor/tx_overlay.go:247.3,247.49 1 0
vaultdb/internal/executor/tx_overlay.go:248.22,250.17 2 0
vaultdb/internal/executor/tx_overlay.go:250.17,252.4 1 0
vaultdb/internal/executor/tx_overlay.go:253.3,254.17 2 0
vaultdb/internal/executor/tx_overlay.go:254.17,256.4 1 0
vaultdb/internal/executor/tx_overlay.go:257.3,257.48 1 0
vaultdb/internal/executor/tx_overlay.go:258.23,260.17 2 0
vaultdb/internal/executor/tx_overlay.go:260.17,262.4 1 0
vaultdb/internal/executor/tx_overlay.go:263.3,263.43 1 0
vaultdb/internal/executor/tx_overlay.go:264.22,266.17 2 0
vaultdb/internal/executor/tx_overlay.go:266.17,268.4 1 0
vaultdb/internal/executor/tx_overlay.go:269.3,270.29 2 0
vaultdb/internal/executor/tx_overlay.go:270.29,272.18 2 0
vaultdb/internal/executor/tx_overlay.go:272.18,274.5 1 0
vaultdb/internal/executor/tx_overlay.go:275.4,275.16 1 0
vaultdb/internal/executor/tx_overlay.go:277.3,277.63 1 0
vaultdb/internal/executor/tx_overlay.go:278.10,279.16 1 1
vaultdb/internal/executor/tx_overlay.go:286.102,287.26 1 1
vaultdb/internal/executor/tx_overlay.go:287.26,289.3 1 0
vaultdb/internal/executor/tx_overlay.go:290.2,292.29 3 1
vaultdb/internal/executor/tx_overlay.go:292.29,294.26 2 1
vaultdb/internal/executor/tx_overlay.go:294.26,296.18 2 1
vaultdb/internal/executor/tx_overlay.go:296.18,298.5 1 0
vaultdb/internal/executor/tx_overlay.go:299.4,299.14 1 1
vaultdb/internal/executor/tx_overlay.go:301.3,301.18 1 1
vaultdb/internal/executor/tx_overlay.go:303.2,303.17 1 1
vaultdb/internal/executor/tx_overlay.go:308.102,311.34 3 1
vaultdb/internal/executor/tx_overlay.go:311.34,313.17 2 1
vaultdb/internal/executor/tx_overlay.go:313.17,315.4 1 0
vaultdb/internal/executor/tx_overlay.go:316.3,316.69 1 1
vaultdb/internal/executor/tx_overlay.go:318.2,318.20 1 1
vaultdb/internal/executor/tx_overlay.go:318.20,320.17 2 1
vaultdb/internal/executor/tx_overlay.go:320.17,322.4 1 0
vaultdb/internal/executor/tx_overlay.go:323.3,323.16 1 1
vaultdb/internal/executor/tx_overlay.go:325.2,325.17 1 1
vaultdb/internal/executor/tx_overlay.go:329.102,330.20 1 1
vaultdb/internal/executor/tx_overlay.go:330.20,332.3 1 0
vaultdb/internal/executor/tx_overlay.go:333.2,335.16 3 1
vaultdb/internal/executor/tx_overlay.go:335.16,337.3 1 0
vaultdb/internal/executor/tx_overlay.go:338.2,339.17 2 1
vaultdb/internal/executor/tx_overlay.go:402.57,403.14 1 1
vaultdb/internal/executor/tx_overlay.go:403.14,405.3 1 0
vaultdb/internal/executor/tx_overlay.go:406.2,406.23 1 1
vaultdb/internal/executor/tx_overlay.go:407.20,408.101 1 1
vaultdb/internal/executor/tx_overlay.go:409.21,410.101 1 0
vaultdb/internal/executor/tx_overlay.go:411.25,412.48 1 0
vaultdb/internal/executor/tx_overlay.go:413.26,415.17 2 0
vaultdb/internal/executor/tx_overlay.go:415.17,417.4 1 0
vaultdb/internal/executor/tx_overlay.go:418.3,419.17 2 0
vaultdb/internal/executor/tx_overlay.go:419.17,421.4 1 0
vaultdb/internal/executor/tx_overlay.go:422.3,422.69 1 0
vaultdb/internal/executor/tx_overlay.go:423.23,425.17 2 0
vaultdb/internal/executor/tx_overlay.go:425.17,427.4 1 0
vaultdb/internal/executor/tx_overlay.go:428.3,429.17 2 0
vaultdb/internal/executor/tx_overlay.go:429.17,431.4 1 0
vaultdb/internal/executor/tx_overlay.go:432.3,432.53 1 0
vaultdb/internal/executor/tx_overlay.go:433.22,435.17 2 0
vaultdb/internal/executor/tx_overlay.go:435.17,437.4 1 0
vaultdb/internal/executor/tx_overlay.go:438.3,439.17 2 0
vaultdb/internal/executor/tx_overlay.go:439.17,441.4 1 0
vaultdb/internal/executor/tx_overlay.go:442.3,442.52 1 0
vaultdb/internal/executor/tx_overlay.go:443.23,445.17 2 0
vaultdb/internal/executor/tx_overlay.go:445.17,447.4 1 0
vaultdb/internal/executor/tx_overlay.go:448.3,448.43 1 0
vaultdb/internal/executor/tx_overlay.go:449.28,451.28 2 0
vaultdb/internal/executor/tx_overlay.go:451.28,453.18 2 0
vaultdb/internal/executor/tx_overlay.go:453.18,455.5 1 0
vaultdb/internal/executor/tx_overlay.go:456.4,456.16 1 0
vaultdb/internal/executor/tx_overlay.go:458.3,458.59 1 0
vaultdb/internal/executor/tx_overlay.go:459.22,461.17 2 0
vaultdb/internal/executor/tx_overlay.go:461.17,463.4 1 0
vaultdb/internal/executor/tx_overlay.go:464.3,465.29 2 0
vaultdb/internal/executor/tx_overlay.go:465.29,467.18 2 0
vaultdb/internal/executor/tx_overlay.go:467.18,469.5 1 0
vaultdb/internal/executor/tx_overlay.go:470.4,470.16 1 0
vaultdb/internal/executor/tx_overlay.go:472.3,472.66 1 0
vaultdb/internal/executor/tx_overlay.go:473.24,474.50 1 0
vaultdb/internal/executor/tx_overlay.go:475.10,476.69 1 0
vaultdb/internal/executor/tx_overlay.go:480.57,481.14 1 1
vaultdb/internal/executor/tx_overlay.go:481.14,483.3 1 0
vaultdb/internal/executor/tx_overlay.go:484.2,484.13 1 1
vaultdb/internal/executor/tx_overlay.go:485.13,486.95 1 1
vaultdb/internal/executor/tx_overlay.go:487.13,488.46 1 0
vaultdb/internal/executor/tx_overlay.go:489.13,491.17 2 0
vaultdb/internal/executor/tx_overlay.go:491.17,493.4 1 0
vaultdb/internal/executor/tx_overlay.go:494.3,495.17 2 0
vaultdb/internal/executor/tx_overlay.go:495.17,497.4 1 0
vaultdb/internal/executor/tx_overlay.go:498.3,498.68 1 0
vaultdb/internal/executor/tx_overlay.go:499.13,501.17 2 0
vaultdb/internal/executor/tx_overlay.go:501.17,503.4 1 0
vaultdb/internal/executor/tx_overlay.go:504.3,505.17 2 0
vaultdb/internal/executor/tx_overlay.go:505.17,507.4 1 0
vaultdb/internal/executor/tx_overlay.go:508.3,508.49 1 0
vaultdb/internal/executor/tx_overlay.go:509.12,511.17 2 0
vaultdb/internal/executor/tx_overlay.go:511.17,513.4 1 0
vaultdb/internal/executor/tx_overlay.go:514.3,515.17 2 0
vaultdb/internal/executor/tx_overlay.go:515.17,517.4 1 0
vaultdb/internal/executor/tx_overlay.go:518.3,518.48 1 0
vaultdb/internal/executor/tx_overlay.go:519.13,521.17 2 0
vaultdb/internal/executor/tx_overlay.go:521.17,523.4 1 0
vaultdb/internal/executor/tx_overlay.go:524.3,524.39 1 0
vaultdb/internal/executor/tx_overlay.go:525.12,527.28 2 0
vaultdb/internal/executor/tx_overlay.go:527.28,529.18 2 0
vaultdb/internal/executor/tx_overlay.go:529.18,531.5 1 0
vaultdb/internal/executor/tx_overlay.go:532.4,532.16 1 0
vaultdb/internal/executor/tx_overlay.go:534.3,534.61 1 0
vaultdb/internal/executor/tx_overlay.go:535.12,537.17 2 0
vaultdb/internal/executor/tx_overlay.go:537.17,539.4 1 0
vaultdb/internal/executor/tx_overlay.go:540.3,541.28 2 0
vaultdb/internal/executor/tx_overlay.go:541.28,543.18 2 0
vaultdb/internal/executor/tx_overlay.go:543.18,545.5 1 0
vaultdb/internal/executor/tx_overlay.go:546.4,546.16 1 0
vaultdb/internal/executor/tx_overlay.go:548.3,548.63 1 0
vaultdb/internal/executor/tx_overlay.go:549.15,550.45 1 0
vaultdb/internal/executor/tx_overlay.go:551.10,552.61 1 0
vaultdb/internal/executor/tx_overlay.go:556.62,558.17 2 1
vaultdb/internal/executor/tx_overlay.go:559.16,561.10 2 1
vaultdb/internal/executor/tx_overlay.go:561.10,563.4 1 0
vaultdb/internal/executor/tx_overlay.go:564.3,564.74 1 1
vaultdb/internal/executor/tx_overlay.go:564.74,566.4 1 0
vaultdb/internal/executor/tx_overlay.go:567.3,569.30 3 1
vaultdb/internal/executor/tx_overlay.go:569.30,571.27 2 1
vaultdb/internal/executor/tx_overlay.go:571.27,573.19 2 1
vaultdb/internal/executor/tx_overlay.go:573.19,575.6 1 0
vaultdb/internal/executor/tx_overlay.go:576.5,576.15 1 1
vaultdb/internal/executor/tx_overlay.go:578.4,578.19 1 1
vaultdb/internal/executor/tx_overlay.go:580.3,580.16 1 1
vaultdb/internal/executor/tx_overlay.go:581.16,583.10 2 0
vaultdb/internal/executor/tx_overlay.go:583.10,585.4 1 0
vaultdb/internal/executor/tx_overlay.go:586.3,586.73 1 0
vaultdb/internal/executor/tx_overlay.go:586.73,588.4 1 0
vaultdb/internal/executor/tx_overlay.go:589.3,591.35 3 0
vaultdb/internal/executor/tx_overlay.go:591.35,593.18 2 0
vaultdb/internal/executor/tx_overlay.go:593.18,595.5 1 0
vaultdb/internal/executor/tx_overlay.go:596.4,596.63 1 0
vaultdb/internal/executor/tx_overlay.go:598.3,599.17 2 0
vaultdb/internal/executor/tx_overlay.go:599.17,601.4 1 0
vaultdb/internal/executor/tx_overlay.go:602.3,603.16 2 0
vaultdb/internal/executor/tx_overlay.go:604.16,606.10 2 0
vaultdb/internal/executor/tx_overlay.go:606.10,608.4 1 0
vaultdb/internal/executor/tx_overlay.go:609.3,609.27 1 0
vaultdb/internal/executor/tx_overlay.go:609.27,611.4 1 0
vaultdb/internal/executor/tx_overlay.go:612.3,613.17 2 0
vaultdb/internal/executor/tx_overlay.go:613.17,615.4 1 0
vaultdb/internal/executor/tx_overlay.go:616.3,616.60 1 0
vaultdb/internal/executor/tx_overlay.go:617.18,619.10 2 0
vaultdb/internal/executor/tx_overlay.go:619.10,621.4 1 0
vaultdb/internal/executor/tx_overlay.go:622.3,622.53 1 0
vaultdb/internal/executor/tx_overlay.go:623.10,624.63 1 0
vaultdb/internal/executor/tx_overlay.go:627.2,627.24 1 1
vaultdb/internal/executor/tx_overlay.go:630.64,632.49 2 1
vaultdb/internal/executor/tx_overlay.go:632.49,634.3 1 0
vaultdb/internal/executor/tx_overlay.go:635.2,636.16 2 1
vaultdb/internal/executor/tx_overlay.go:637.16,638.22 1 1
vaultdb/internal/executor/tx_overlay.go:638.22,640.4 1 0
vaultdb/internal/executor/tx_overlay.go:641.3,643.37 3 1
vaultdb/internal/executor/tx_overlay.go:643.37,645.27 2 1
vaultdb/internal/executor/tx_overlay.go:645.27,647.19 2 1
vaultdb/internal/executor/tx_overlay.go:647.19,649.6 1 0
vaultdb/internal/executor/tx_overlay.go:650.5,650.15 1 1
vaultdb/internal/executor/tx_overlay.go:652.4,652.18 1 1
vaultdb/internal/executor/tx_overlay.go:654.3,654.17 1 1
vaultdb/internal/executor/tx_overlay.go:655.16,656.22 1 0
vaultdb/internal/executor/tx_overlay.go:656.22,658.4 1 0
vaultdb/internal/executor/tx_overlay.go:659.3,661.42 3 0
vaultdb/internal/executor/tx_overlay.go:661.42,663.18 2 0
vaultdb/internal/executor/tx_overlay.go:663.18,665.5 1 0
vaultdb/internal/executor/tx_overlay.go:666.4,666.69 1 0
vaultdb/internal/executor/tx_overlay.go:668.3,669.17 2 0
vaultdb/internal/executor/tx_overlay.go:669.17,671.4 1 0
vaultdb/internal/executor/tx_overlay.go:672.3,673.17 2 0
vaultdb/internal/executor/tx_overlay.go:674.16,675.22 1 0
vaultdb/internal/executor/tx_overlay.go:675.22,677.4 1 0
vaultdb/internal/executor/tx_overlay.go:678.3,680.17 3 0
vaultdb/internal/executor/tx_overlay.go:680.17,682.4 1 0
vaultdb/internal/executor/tx_overlay.go:683.3,684.17 2 0
vaultdb/internal/executor/tx_overlay.go:685.18,686.24 1 0
vaultdb/internal/executor/tx_overlay.go:686.24,688.4 1 0
vaultdb/internal/executor/tx_overlay.go:689.3,689.74 1 0
vaultdb/internal/executor/tx_overlay.go:690.10,691.61 1 0
vaultdb/internal/executor/tx_overlay.go:693.2,693.16 1 1
